2023-05-04 01:29:02,238 - fit_lc_dirty - INFO - filtering rate_400-1000_EMOS1_hiband_clean.fits
2023-05-04 01:29:02,244 - fit_lc_dirty - INFO - selected data num:378; fitting properties (amp, mu, sigma): 22.623816957694984, 0.3851609533919167, 0.07018475564025287
2023-05-04 01:29:02,245 - fit_lc_dirty - INFO - selected data num:378; fitting properties (amp, mu, sigma): 22.55128757905919, 0.3852870696517688, 0.07076874164661537
2023-05-04 01:29:02,252 - fit_lc_dirty - INFO - selected data num:378; fitting properties (amp, mu, sigma): 22.55128757905919, 0.3852870696517688, 0.07076874164661537
2023-05-04 01:29:02,256 - fit_lc_dirty - INFO - selected data num:378; fitting properties (amp, mu, sigma): 22.55128757905919, 0.3852870696517688, 0.07076874164661537
2023-05-04 01:29:02,259 - fit_lc_dirty - INFO - selected data num:378; fitting properties (amp, mu, sigma): 22.55128757905919, 0.3852870696517688, 0.07076874164661537
2023-05-04 01:29:02,263 - fit_lc_dirty - INFO - selected data num:378; fitting properties (amp, mu, sigma): 22.55128757905919, 0.3852870696517688, 0.07076874164661537
2023-05-04 01:29:02,266 - fit_lc_dirty - INFO - selected data num:378; fitting properties (amp, mu, sigma): 22.55128757905919, 0.3852870696517688, 0.07076874164661537
2023-05-04 01:29:02,270 - fit_lc_dirty - INFO - selected data num:378; fitting properties (amp, mu, sigma): 22.55128757905919, 0.3852870696517688, 0.07076874164661537
2023-05-04 01:29:02,273 - fit_lc_dirty - INFO - selected data num:378; fitting properties (amp, mu, sigma): 22.55128757905919, 0.3852870696517688, 0.07076874164661537
2023-05-04 01:29:02,276 - fit_lc_dirty - INFO - selected data num:378; fitting properties (amp, mu, sigma): 22.55128757905919, 0.3852870696517688, 0.07076874164661537
2023-05-04 01:29:02,280 - fit_lc_dirty - INFO - selected data num:378; fitting properties (amp, mu, sigma): 22.55128757905919, 0.3852870696517688, 0.07076874164661537
2023-05-04 01:29:02,284 - fit_lc_dirty - INFO - selected data num:378; fitting properties (amp, mu, sigma): 22.55128757905919, 0.3852870696517688, 0.07076874164661537
2023-05-04 01:29:02,288 - fit_lc_dirty - INFO - selected data num:378; fitting properties (amp, mu, sigma): 22.55128757905919, 0.3852870696517688, 0.07076874164661537
2023-05-04 01:29:02,292 - fit_lc_dirty - INFO - selected data num:378; fitting properties (amp, mu, sigma): 22.55128757905919, 0.3852870696517688, 0.07076874164661537
2023-05-04 01:29:02,296 - fit_lc_dirty - INFO - selected data num:378; fitting properties (amp, mu, sigma): 22.55128757905919, 0.3852870696517688, 0.07076874164661537
2023-05-04 01:29:02,300 - fit_lc_dirty - INFO - selected data num:378; fitting properties (amp, mu, sigma): 22.55128757905919, 0.3852870696517688, 0.07076874164661537
2023-05-04 01:29:02,304 - fit_lc_dirty - INFO - selected data num:378; fitting properties (amp, mu, sigma): 22.55128757905919, 0.3852870696517688, 0.07076874164661537
2023-05-04 01:29:02,309 - fit_lc_dirty - INFO - selected data num:378; fitting properties (amp, mu, sigma): 22.55128757905919, 0.3852870696517688, 0.07076874164661537
2023-05-04 01:29:02,312 - fit_lc_dirty - INFO - selected data num:378; fitting properties (amp, mu, sigma): 22.55128757905919, 0.3852870696517688, 0.07076874164661537
2023-05-04 01:29:02,316 - fit_lc_dirty - INFO - selected data num:378; fitting properties (amp, mu, sigma): 22.55128757905919, 0.3852870696517688, 0.07076874164661537
2023-05-04 01:29:02,320 - fit_lc_dirty - INFO - selected data num:378; fitting properties (amp, mu, sigma): 22.55128757905919, 0.3852870696517688, 0.07076874164661537
2023-05-04 01:29:02,325 - fit_lc_dirty - INFO - selected data num:378; fitting properties (amp, mu, sigma): 22.55128757905919, 0.3852870696517688, 0.07076874164661537
2023-05-04 01:29:02,329 - fit_lc_dirty - INFO - selected data num:378; fitting properties (amp, mu, sigma): 22.55128757905919, 0.3852870696517688, 0.07076874164661537
2023-05-04 01:29:02,333 - fit_lc_dirty - INFO - selected data num:378; fitting properties (amp, mu, sigma): 22.55128757905919, 0.3852870696517688, 0.07076874164661537
2023-05-04 01:29:02,337 - fit_lc_dirty - INFO - selected data num:378; fitting properties (amp, mu, sigma): 22.55128757905919, 0.3852870696517688, 0.07076874164661537
2023-05-04 01:29:02,596 - fit_lc_dirty - INFO - filtering rate_400-1000_EMOS2_hiband_clean.fits
2023-05-04 01:29:02,596 - fit_lc_dirty - INFO - filtering rate_400-1000_EMOS2_hiband_clean.fits
2023-05-04 01:29:02,601 - fit_lc_dirty - INFO - selected data num:396; fitting properties (amp, mu, sigma): 19.796143247402753, 0.4035105822858638, 0.08380163513878336
2023-05-04 01:29:02,601 - fit_lc_dirty - INFO - selected data num:396; fitting properties (amp, mu, sigma): 19.796143247402753, 0.4035105822858638, 0.08380163513878336
2023-05-04 01:29:02,602 - fit_lc_dirty - INFO - selected data num:396; fitting properties (amp, mu, sigma): 19.796143247402753, 0.4035105822858638, 0.08380163513878336
2023-05-04 01:29:02,602 - fit_lc_dirty - INFO - selected data num:396; fitting properties (amp, mu, sigma): 19.796143247402753, 0.4035105822858638, 0.08380163513878336
2023-05-04 01:29:02,610 - fit_lc_dirty - INFO - selected data num:396; fitting properties (amp, mu, sigma): 19.796143247402753, 0.4035105822858638, 0.08380163513878336
2023-05-04 01:29:02,610 - fit_lc_dirty - INFO - selected data num:396; fitting properties (amp, mu, sigma): 19.796143247402753, 0.4035105822858638, 0.08380163513878336
2023-05-04 01:29:02,614 - fit_lc_dirty - INFO - selected data num:396; fitting properties (amp, mu, sigma): 19.796143247402753, 0.4035105822858638, 0.08380163513878336
2023-05-04 01:29:02,614 - fit_lc_dirty - INFO - selected data num:396; fitting properties (amp, mu, sigma): 19.796143247402753, 0.4035105822858638, 0.08380163513878336
2023-05-04 01:29:02,619 - fit_lc_dirty - INFO - selected data num:396; fitting properties (amp, mu, sigma): 19.796143247402753, 0.4035105822858638, 0.08380163513878336
2023-05-04 01:29:02,619 - fit_lc_dirty - INFO - selected data num:396; fitting properties (amp, mu, sigma): 19.796143247402753, 0.4035105822858638, 0.08380163513878336
2023-05-04 01:29:02,624 - fit_lc_dirty - INFO - selected data num:396; fitting properties (amp, mu, sigma): 19.796143247402753, 0.4035105822858638, 0.08380163513878336
2023-05-04 01:29:02,624 - fit_lc_dirty - INFO - selected data num:396; fitting properties (amp, mu, sigma): 19.796143247402753, 0.4035105822858638, 0.08380163513878336
2023-05-04 01:29:02,630 - fit_lc_dirty - INFO - selected data num:396; fitting properties (amp, mu, sigma): 19.796143247402753, 0.4035105822858638, 0.08380163513878336
2023-05-04 01:29:02,630 - fit_lc_dirty - INFO - selected data num:396; fitting properties (amp, mu, sigma): 19.796143247402753, 0.4035105822858638, 0.08380163513878336
2023-05-04 01:29:02,635 - fit_lc_dirty - INFO - selected data num:396; fitting properties (amp, mu, sigma): 19.796143247402753, 0.4035105822858638, 0.08380163513878336
2023-05-04 01:29:02,635 - fit_lc_dirty - INFO - selected data num:396; fitting properties (amp, mu, sigma): 19.796143247402753, 0.4035105822858638, 0.08380163513878336
2023-05-04 01:29:02,639 - fit_lc_dirty - INFO - selected data num:396; fitting properties (amp, mu, sigma): 19.796143247402753, 0.4035105822858638, 0.08380163513878336
2023-05-04 01:29:02,639 - fit_lc_dirty - INFO - selected data num:396; fitting properties (amp, mu, sigma): 19.796143247402753, 0.4035105822858638, 0.08380163513878336
2023-05-04 01:29:02,644 - fit_lc_dirty - INFO - selected data num:396; fitting properties (amp, mu, sigma): 19.796143247402753, 0.4035105822858638, 0.08380163513878336
2023-05-04 01:29:02,644 - fit_lc_dirty - INFO - selected data num:396; fitting properties (amp, mu, sigma): 19.796143247402753, 0.4035105822858638, 0.08380163513878336
2023-05-04 01:29:02,648 - fit_lc_dirty - INFO - selected data num:396; fitting properties (amp, mu, sigma): 19.796143247402753, 0.4035105822858638, 0.08380163513878336
2023-05-04 01:29:02,648 - fit_lc_dirty - INFO - selected data num:396; fitting properties (amp, mu, sigma): 19.796143247402753, 0.4035105822858638, 0.08380163513878336
2023-05-04 01:29:02,653 - fit_lc_dirty - INFO - selected data num:396; fitting properties (amp, mu, sigma): 19.796143247402753, 0.4035105822858638, 0.08380163513878336
2023-05-04 01:29:02,653 - fit_lc_dirty - INFO - selected data num:396; fitting properties (amp, mu, sigma): 19.796143247402753, 0.4035105822858638, 0.08380163513878336
2023-05-04 01:29:02,657 - fit_lc_dirty - INFO - selected data num:396; fitting properties (amp, mu, sigma): 19.796143247402753, 0.4035105822858638, 0.08380163513878336
2023-05-04 01:29:02,657 - fit_lc_dirty - INFO - selected data num:396; fitting properties (amp, mu, sigma): 19.796143247402753, 0.4035105822858638, 0.08380163513878336
2023-05-04 01:29:02,660 - fit_lc_dirty - INFO - selected data num:396; fitting properties (amp, mu, sigma): 19.796143247402753, 0.4035105822858638, 0.08380163513878336
2023-05-04 01:29:02,660 - fit_lc_dirty - INFO - selected data num:396; fitting properties (amp, mu, sigma): 19.796143247402753, 0.4035105822858638, 0.08380163513878336
2023-05-04 01:29:02,664 - fit_lc_dirty - INFO - selected data num:396; fitting properties (amp, mu, sigma): 19.796143247402753, 0.4035105822858638, 0.08380163513878336
2023-05-04 01:29:02,664 - fit_lc_dirty - INFO - selected data num:396; fitting properties (amp, mu, sigma): 19.796143247402753, 0.4035105822858638, 0.08380163513878336
2023-05-04 01:29:02,669 - fit_lc_dirty - INFO - selected data num:396; fitting properties (amp, mu, sigma): 19.796143247402753, 0.4035105822858638, 0.08380163513878336
2023-05-04 01:29:02,669 - fit_lc_dirty - INFO - selected data num:396; fitting properties (amp, mu, sigma): 19.796143247402753, 0.4035105822858638, 0.08380163513878336
2023-05-04 01:29:02,670 - fit_lc_dirty - INFO - selected data num:396; fitting properties (amp, mu, sigma): 19.796143247402753, 0.4035105822858638, 0.08380163513878336
2023-05-04 01:29:02,670 - fit_lc_dirty - INFO - selected data num:396; fitting properties (amp, mu, sigma): 19.796143247402753, 0.4035105822858638, 0.08380163513878336
2023-05-04 01:29:02,671 - fit_lc_dirty - INFO - selected data num:396; fitting properties (amp, mu, sigma): 19.796143247402753, 0.4035105822858638, 0.08380163513878336
2023-05-04 01:29:02,671 - fit_lc_dirty - INFO - selected data num:396; fitting properties (amp, mu, sigma): 19.796143247402753, 0.4035105822858638, 0.08380163513878336
2023-05-04 01:29:02,673 - fit_lc_dirty - INFO - selected data num:396; fitting properties (amp, mu, sigma): 19.796143247402753, 0.4035105822858638, 0.08380163513878336
2023-05-04 01:29:02,673 - fit_lc_dirty - INFO - selected data num:396; fitting properties (amp, mu, sigma): 19.796143247402753, 0.4035105822858638, 0.08380163513878336
2023-05-04 01:29:02,677 - fit_lc_dirty - INFO - selected data num:396; fitting properties (amp, mu, sigma): 19.796143247402753, 0.4035105822858638, 0.08380163513878336
2023-05-04 01:29:02,677 - fit_lc_dirty - INFO - selected data num:396; fitting properties (amp, mu, sigma): 19.796143247402753, 0.4035105822858638, 0.08380163513878336
2023-05-04 01:29:02,681 - fit_lc_dirty - INFO - selected data num:396; fitting properties (amp, mu, sigma): 19.796143247402753, 0.4035105822858638, 0.08380163513878336
2023-05-04 01:29:02,681 - fit_lc_dirty - INFO - selected data num:396; fitting properties (amp, mu, sigma): 19.796143247402753, 0.4035105822858638, 0.08380163513878336
2023-05-04 01:29:02,684 - fit_lc_dirty - INFO - selected data num:396; fitting properties (amp, mu, sigma): 19.796143247402753, 0.4035105822858638, 0.08380163513878336
2023-05-04 01:29:02,684 - fit_lc_dirty - INFO - selected data num:396; fitting properties (amp, mu, sigma): 19.796143247402753, 0.4035105822858638, 0.08380163513878336
2023-05-04 01:29:02,689 - fit_lc_dirty - INFO - selected data num:396; fitting properties (amp, mu, sigma): 19.796143247402753, 0.4035105822858638, 0.08380163513878336
2023-05-04 01:29:02,689 - fit_lc_dirty - INFO - selected data num:396; fitting properties (amp, mu, sigma): 19.796143247402753, 0.4035105822858638, 0.08380163513878336
2023-05-04 01:29:02,692 - fit_lc_dirty - INFO - selected data num:396; fitting properties (amp, mu, sigma): 19.796143247402753, 0.4035105822858638, 0.08380163513878336
2023-05-04 01:29:02,692 - fit_lc_dirty - INFO - selected data num:396; fitting properties (amp, mu, sigma): 19.796143247402753, 0.4035105822858638, 0.08380163513878336
2023-05-04 01:29:02,696 - fit_lc_dirty - INFO - selected data num:396; fitting properties (amp, mu, sigma): 19.796143247402753, 0.4035105822858638, 0.08380163513878336
2023-05-04 01:29:02,696 - fit_lc_dirty - INFO - selected data num:396; fitting properties (amp, mu, sigma): 19.796143247402753, 0.4035105822858638, 0.08380163513878336
2023-05-04 01:29:02,948 - fit_lc_dirty - INFO - filtering rate_400-1000_EPN_hiband_clean.fits
2023-05-04 01:29:02,948 - fit_lc_dirty - INFO - filtering rate_400-1000_EPN_hiband_clean.fits
2023-05-04 01:29:02,948 - fit_lc_dirty - INFO - filtering rate_400-1000_EPN_hiband_clean.fits
2023-05-04 01:29:02,956 - fit_lc_dirty - INFO - selected data num:296; fitting properties (amp, mu, sigma): 5.863906955187751, 1.7803916215708564, 0.23765091386185253
2023-05-04 01:29:02,956 - fit_lc_dirty - INFO - selected data num:296; fitting properties (amp, mu, sigma): 5.863906955187751, 1.7803916215708564, 0.23765091386185253
2023-05-04 01:29:02,956 - fit_lc_dirty - INFO - selected data num:296; fitting properties (amp, mu, sigma): 5.863906955187751, 1.7803916215708564, 0.23765091386185253
2023-05-04 01:29:02,958 - fit_lc_dirty - INFO - selected data num:292; fitting properties (amp, mu, sigma): 6.048139756265301, 1.7748075752483972, 0.21939589465876042
2023-05-04 01:29:02,958 - fit_lc_dirty - INFO - selected data num:292; fitting properties (amp, mu, sigma): 6.048139756265301, 1.7748075752483972, 0.21939589465876042
2023-05-04 01:29:02,958 - fit_lc_dirty - INFO - selected data num:292; fitting properties (amp, mu, sigma): 6.048139756265301, 1.7748075752483972, 0.21939589465876042
2023-05-04 01:29:02,960 - fit_lc_dirty - INFO - selected data num:289; fitting properties (amp, mu, sigma): 6.1043034976072, 1.7729808576071375, 0.21423073753159935
2023-05-04 01:29:02,960 - fit_lc_dirty - INFO - selected data num:289; fitting properties (amp, mu, sigma): 6.1043034976072, 1.7729808576071375, 0.21423073753159935
2023-05-04 01:29:02,960 - fit_lc_dirty - INFO - selected data num:289; fitting properties (amp, mu, sigma): 6.1043034976072, 1.7729808576071375, 0.21423073753159935
2023-05-04 01:29:02,963 - fit_lc_dirty - INFO - selected data num:289; fitting properties (amp, mu, sigma): 6.152445227915129, 1.7722816037538685, 0.20982746656407733
2023-05-04 01:29:02,963 - fit_lc_dirty - INFO - selected data num:289; fitting properties (amp, mu, sigma): 6.152445227915129, 1.7722816037538685, 0.20982746656407733
2023-05-04 01:29:02,963 - fit_lc_dirty - INFO - selected data num:289; fitting properties (amp, mu, sigma): 6.152445227915129, 1.7722816037538685, 0.20982746656407733
2023-05-04 01:29:02,967 - fit_lc_dirty - INFO - selected data num:289; fitting properties (amp, mu, sigma): 6.152445227915129, 1.7722816037538685, 0.20982746656407733
2023-05-04 01:29:02,967 - fit_lc_dirty - INFO - selected data num:289; fitting properties (amp, mu, sigma): 6.152445227915129, 1.7722816037538685, 0.20982746656407733
2023-05-04 01:29:02,967 - fit_lc_dirty - INFO - selected data num:289; fitting properties (amp, mu, sigma): 6.152445227915129, 1.7722816037538685, 0.20982746656407733
2023-05-04 01:29:02,971 - fit_lc_dirty - INFO - selected data num:289; fitting properties (amp, mu, sigma): 6.152445227915129, 1.7722816037538685, 0.20982746656407733
2023-05-04 01:29:02,971 - fit_lc_dirty - INFO - selected data num:289; fitting properties (amp, mu, sigma): 6.152445227915129, 1.7722816037538685, 0.20982746656407733
2023-05-04 01:29:02,971 - fit_lc_dirty - INFO - selected data num:289; fitting properties (amp, mu, sigma): 6.152445227915129, 1.7722816037538685, 0.20982746656407733
2023-05-04 01:29:02,976 - fit_lc_dirty - INFO - selected data num:289; fitting properties (amp, mu, sigma): 6.152445227915129, 1.7722816037538685, 0.20982746656407733
2023-05-04 01:29:02,976 - fit_lc_dirty - INFO - selected data num:289; fitting properties (amp, mu, sigma): 6.152445227915129, 1.7722816037538685, 0.20982746656407733
2023-05-04 01:29:02,976 - fit_lc_dirty - INFO - selected data num:289; fitting properties (amp, mu, sigma): 6.152445227915129, 1.7722816037538685, 0.20982746656407733
2023-05-04 01:29:02,980 - fit_lc_dirty - INFO - selected data num:289; fitting properties (amp, mu, sigma): 6.152445227915129, 1.7722816037538685, 0.20982746656407733
2023-05-04 01:29:02,980 - fit_lc_dirty - INFO - selected data num:289; fitting properties (amp, mu, sigma): 6.152445227915129, 1.7722816037538685, 0.20982746656407733
2023-05-04 01:29:02,980 - fit_lc_dirty - INFO - selected data num:289; fitting properties (amp, mu, sigma): 6.152445227915129, 1.7722816037538685, 0.20982746656407733
2023-05-04 01:29:02,985 - fit_lc_dirty - INFO - selected data num:289; fitting properties (amp, mu, sigma): 6.152445227915129, 1.7722816037538685, 0.20982746656407733
2023-05-04 01:29:02,985 - fit_lc_dirty - INFO - selected data num:289; fitting properties (amp, mu, sigma): 6.152445227915129, 1.7722816037538685, 0.20982746656407733
2023-05-04 01:29:02,985 - fit_lc_dirty - INFO - selected data num:289; fitting properties (amp, mu, sigma): 6.152445227915129, 1.7722816037538685, 0.20982746656407733
2023-05-04 01:29:02,989 - fit_lc_dirty - INFO - selected data num:289; fitting properties (amp, mu, sigma): 6.152445227915129, 1.7722816037538685, 0.20982746656407733
2023-05-04 01:29:02,989 - fit_lc_dirty - INFO - selected data num:289; fitting properties (amp, mu, sigma): 6.152445227915129, 1.7722816037538685, 0.20982746656407733
2023-05-04 01:29:02,989 - fit_lc_dirty - INFO - selected data num:289; fitting properties (amp, mu, sigma): 6.152445227915129, 1.7722816037538685, 0.20982746656407733
2023-05-04 01:29:02,993 - fit_lc_dirty - INFO - selected data num:289; fitting properties (amp, mu, sigma): 6.152445227915129, 1.7722816037538685, 0.20982746656407733
2023-05-04 01:29:02,993 - fit_lc_dirty - INFO - selected data num:289; fitting properties (amp, mu, sigma): 6.152445227915129, 1.7722816037538685, 0.20982746656407733
2023-05-04 01:29:02,993 - fit_lc_dirty - INFO - selected data num:289; fitting properties (amp, mu, sigma): 6.152445227915129, 1.7722816037538685, 0.20982746656407733
2023-05-04 01:29:02,998 - fit_lc_dirty - INFO - selected data num:289; fitting properties (amp, mu, sigma): 6.152445227915129, 1.7722816037538685, 0.20982746656407733
2023-05-04 01:29:02,998 - fit_lc_dirty - INFO - selected data num:289; fitting properties (amp, mu, sigma): 6.152445227915129, 1.7722816037538685, 0.20982746656407733
2023-05-04 01:29:02,998 - fit_lc_dirty - INFO - selected data num:289; fitting properties (amp, mu, sigma): 6.152445227915129, 1.7722816037538685, 0.20982746656407733
2023-05-04 01:29:03,002 - fit_lc_dirty - INFO - selected data num:289; fitting properties (amp, mu, sigma): 6.152445227915129, 1.7722816037538685, 0.20982746656407733
2023-05-04 01:29:03,002 - fit_lc_dirty - INFO - selected data num:289; fitting properties (amp, mu, sigma): 6.152445227915129, 1.7722816037538685, 0.20982746656407733
2023-05-04 01:29:03,002 - fit_lc_dirty - INFO - selected data num:289; fitting properties (amp, mu, sigma): 6.152445227915129, 1.7722816037538685, 0.20982746656407733
2023-05-04 01:29:03,006 - fit_lc_dirty - INFO - selected data num:289; fitting properties (amp, mu, sigma): 6.152445227915129, 1.7722816037538685, 0.20982746656407733
2023-05-04 01:29:03,006 - fit_lc_dirty - INFO - selected data num:289; fitting properties (amp, mu, sigma): 6.152445227915129, 1.7722816037538685, 0.20982746656407733
2023-05-04 01:29:03,006 - fit_lc_dirty - INFO - selected data num:289; fitting properties (amp, mu, sigma): 6.152445227915129, 1.7722816037538685, 0.20982746656407733
2023-05-04 01:29:03,011 - fit_lc_dirty - INFO - selected data num:289; fitting properties (amp, mu, sigma): 6.152445227915129, 1.7722816037538685, 0.20982746656407733
2023-05-04 01:29:03,011 - fit_lc_dirty - INFO - selected data num:289; fitting properties (amp, mu, sigma): 6.152445227915129, 1.7722816037538685, 0.20982746656407733
2023-05-04 01:29:03,011 - fit_lc_dirty - INFO - selected data num:289; fitting properties (amp, mu, sigma): 6.152445227915129, 1.7722816037538685, 0.20982746656407733
2023-05-04 01:29:03,015 - fit_lc_dirty - INFO - selected data num:289; fitting properties (amp, mu, sigma): 6.152445227915129, 1.7722816037538685, 0.20982746656407733
2023-05-04 01:29:03,015 - fit_lc_dirty - INFO - selected data num:289; fitting properties (amp, mu, sigma): 6.152445227915129, 1.7722816037538685, 0.20982746656407733
2023-05-04 01:29:03,015 - fit_lc_dirty - INFO - selected data num:289; fitting properties (amp, mu, sigma): 6.152445227915129, 1.7722816037538685, 0.20982746656407733
2023-05-04 01:29:03,020 - fit_lc_dirty - INFO - selected data num:289; fitting properties (amp, mu, sigma): 6.152445227915129, 1.7722816037538685, 0.20982746656407733
2023-05-04 01:29:03,020 - fit_lc_dirty - INFO - selected data num:289; fitting properties (amp, mu, sigma): 6.152445227915129, 1.7722816037538685, 0.20982746656407733
2023-05-04 01:29:03,020 - fit_lc_dirty - INFO - selected data num:289; fitting properties (amp, mu, sigma): 6.152445227915129, 1.7722816037538685, 0.20982746656407733
2023-05-04 01:29:03,024 - fit_lc_dirty - INFO - selected data num:289; fitting properties (amp, mu, sigma): 6.152445227915129, 1.7722816037538685, 0.20982746656407733
2023-05-04 01:29:03,024 - fit_lc_dirty - INFO - selected data num:289; fitting properties (amp, mu, sigma): 6.152445227915129, 1.7722816037538685, 0.20982746656407733
2023-05-04 01:29:03,024 - fit_lc_dirty - INFO - selected data num:289; fitting properties (amp, mu, sigma): 6.152445227915129, 1.7722816037538685, 0.20982746656407733
2023-05-04 01:29:03,029 - fit_lc_dirty - INFO - selected data num:289; fitting properties (amp, mu, sigma): 6.152445227915129, 1.7722816037538685, 0.20982746656407733
2023-05-04 01:29:03,029 - fit_lc_dirty - INFO - selected data num:289; fitting properties (amp, mu, sigma): 6.152445227915129, 1.7722816037538685, 0.20982746656407733
2023-05-04 01:29:03,029 - fit_lc_dirty - INFO - selected data num:289; fitting properties (amp, mu, sigma): 6.152445227915129, 1.7722816037538685, 0.20982746656407733
2023-05-04 01:29:03,033 - fit_lc_dirty - INFO - selected data num:289; fitting properties (amp, mu, sigma): 6.152445227915129, 1.7722816037538685, 0.20982746656407733
2023-05-04 01:29:03,033 - fit_lc_dirty - INFO - selected data num:289; fitting properties (amp, mu, sigma): 6.152445227915129, 1.7722816037538685, 0.20982746656407733
2023-05-04 01:29:03,033 - fit_lc_dirty - INFO - selected data num:289; fitting properties (amp, mu, sigma): 6.152445227915129, 1.7722816037538685, 0.20982746656407733
2023-05-04 01:29:03,037 - fit_lc_dirty - INFO - selected data num:289; fitting properties (amp, mu, sigma): 6.152445227915129, 1.7722816037538685, 0.20982746656407733
2023-05-04 01:29:03,037 - fit_lc_dirty - INFO - selected data num:289; fitting properties (amp, mu, sigma): 6.152445227915129, 1.7722816037538685, 0.20982746656407733
2023-05-04 01:29:03,037 - fit_lc_dirty - INFO - selected data num:289; fitting properties (amp, mu, sigma): 6.152445227915129, 1.7722816037538685, 0.20982746656407733
2023-05-04 01:29:03,040 - fit_lc_dirty - INFO - selected data num:289; fitting properties (amp, mu, sigma): 6.152445227915129, 1.7722816037538685, 0.20982746656407733
2023-05-04 01:29:03,040 - fit_lc_dirty - INFO - selected data num:289; fitting properties (amp, mu, sigma): 6.152445227915129, 1.7722816037538685, 0.20982746656407733
2023-05-04 01:29:03,040 - fit_lc_dirty - INFO - selected data num:289; fitting properties (amp, mu, sigma): 6.152445227915129, 1.7722816037538685, 0.20982746656407733
2023-05-04 01:29:03,045 - fit_lc_dirty - INFO - selected data num:289; fitting properties (amp, mu, sigma): 6.152445227915129, 1.7722816037538685, 0.20982746656407733
2023-05-04 01:29:03,045 - fit_lc_dirty - INFO - selected data num:289; fitting properties (amp, mu, sigma): 6.152445227915129, 1.7722816037538685, 0.20982746656407733
2023-05-04 01:29:03,045 - fit_lc_dirty - INFO - selected data num:289; fitting properties (amp, mu, sigma): 6.152445227915129, 1.7722816037538685, 0.20982746656407733
2023-05-04 01:29:03,049 - fit_lc_dirty - INFO - selected data num:289; fitting properties (amp, mu, sigma): 6.152445227915129, 1.7722816037538685, 0.20982746656407733
2023-05-04 01:29:03,049 - fit_lc_dirty - INFO - selected data num:289; fitting properties (amp, mu, sigma): 6.152445227915129, 1.7722816037538685, 0.20982746656407733
2023-05-04 01:29:03,049 - fit_lc_dirty - INFO - selected data num:289; fitting properties (amp, mu, sigma): 6.152445227915129, 1.7722816037538685, 0.20982746656407733
2023-05-04 01:29:03,053 - fit_lc_dirty - INFO - selected data num:289; fitting properties (amp, mu, sigma): 6.152445227915129, 1.7722816037538685, 0.20982746656407733
2023-05-04 01:29:03,053 - fit_lc_dirty - INFO - selected data num:289; fitting properties (amp, mu, sigma): 6.152445227915129, 1.7722816037538685, 0.20982746656407733
2023-05-04 01:29:03,053 - fit_lc_dirty - INFO - selected data num:289; fitting properties (amp, mu, sigma): 6.152445227915129, 1.7722816037538685, 0.20982746656407733
2023-05-04 01:29:03,357 - fit_lc_dirty - INFO - filtering rate_400-1000_Oot_hiband_clean.fits
2023-05-04 01:29:03,357 - fit_lc_dirty - INFO - filtering rate_400-1000_Oot_hiband_clean.fits
2023-05-04 01:29:03,357 - fit_lc_dirty - INFO - filtering rate_400-1000_Oot_hiband_clean.fits
2023-05-04 01:29:03,357 - fit_lc_dirty - INFO - filtering rate_400-1000_Oot_hiband_clean.fits
2023-05-04 01:29:03,365 - fit_lc_dirty - INFO - selected data num:287; fitting properties (amp, mu, sigma): 6.106823158827439, 1.7530930852454194, 0.21095392525581785
2023-05-04 01:29:03,365 - fit_lc_dirty - INFO - selected data num:287; fitting properties (amp, mu, sigma): 6.106823158827439, 1.7530930852454194, 0.21095392525581785
2023-05-04 01:29:03,365 - fit_lc_dirty - INFO - selected data num:287; fitting properties (amp, mu, sigma): 6.106823158827439, 1.7530930852454194, 0.21095392525581785
2023-05-04 01:29:03,365 - fit_lc_dirty - INFO - selected data num:287; fitting properties (amp, mu, sigma): 6.106823158827439, 1.7530930852454194, 0.21095392525581785
2023-05-04 01:29:03,366 - fit_lc_dirty - INFO - selected data num:287; fitting properties (amp, mu, sigma): 6.12303641766957, 1.7522821056295999, 0.20918097292807228
2023-05-04 01:29:03,366 - fit_lc_dirty - INFO - selected data num:287; fitting properties (amp, mu, sigma): 6.12303641766957, 1.7522821056295999, 0.20918097292807228
2023-05-04 01:29:03,366 - fit_lc_dirty - INFO - selected data num:287; fitting properties (amp, mu, sigma): 6.12303641766957, 1.7522821056295999, 0.20918097292807228
2023-05-04 01:29:03,366 - fit_lc_dirty - INFO - selected data num:287; fitting properties (amp, mu, sigma): 6.12303641766957, 1.7522821056295999, 0.20918097292807228
2023-05-04 01:29:03,370 - fit_lc_dirty - INFO - selected data num:287; fitting properties (amp, mu, sigma): 6.12303641766957, 1.7522821056295999, 0.20918097292807228
2023-05-04 01:29:03,370 - fit_lc_dirty - INFO - selected data num:287; fitting properties (amp, mu, sigma): 6.12303641766957, 1.7522821056295999, 0.20918097292807228
2023-05-04 01:29:03,370 - fit_lc_dirty - INFO - selected data num:287; fitting properties (amp, mu, sigma): 6.12303641766957, 1.7522821056295999, 0.20918097292807228
2023-05-04 01:29:03,370 - fit_lc_dirty - INFO - selected data num:287; fitting properties (amp, mu, sigma): 6.12303641766957, 1.7522821056295999, 0.20918097292807228
2023-05-04 01:29:03,375 - fit_lc_dirty - INFO - selected data num:287; fitting properties (amp, mu, sigma): 6.12303641766957, 1.7522821056295999, 0.20918097292807228
2023-05-04 01:29:03,375 - fit_lc_dirty - INFO - selected data num:287; fitting properties (amp, mu, sigma): 6.12303641766957, 1.7522821056295999, 0.20918097292807228
2023-05-04 01:29:03,375 - fit_lc_dirty - INFO - selected data num:287; fitting properties (amp, mu, sigma): 6.12303641766957, 1.7522821056295999, 0.20918097292807228
2023-05-04 01:29:03,375 - fit_lc_dirty - INFO - selected data num:287; fitting properties (amp, mu, sigma): 6.12303641766957, 1.7522821056295999, 0.20918097292807228
2023-05-04 01:29:03,380 - fit_lc_dirty - INFO - selected data num:287; fitting properties (amp, mu, sigma): 6.12303641766957, 1.7522821056295999, 0.20918097292807228
2023-05-04 01:29:03,380 - fit_lc_dirty - INFO - selected data num:287; fitting properties (amp, mu, sigma): 6.12303641766957, 1.7522821056295999, 0.20918097292807228
2023-05-04 01:29:03,380 - fit_lc_dirty - INFO - selected data num:287; fitting properties (amp, mu, sigma): 6.12303641766957, 1.7522821056295999, 0.20918097292807228
2023-05-04 01:29:03,380 - fit_lc_dirty - INFO - selected data num:287; fitting properties (amp, mu, sigma): 6.12303641766957, 1.7522821056295999, 0.20918097292807228
2023-05-04 01:29:03,385 - fit_lc_dirty - INFO - selected data num:287; fitting properties (amp, mu, sigma): 6.12303641766957, 1.7522821056295999, 0.20918097292807228
2023-05-04 01:29:03,385 - fit_lc_dirty - INFO - selected data num:287; fitting properties (amp, mu, sigma): 6.12303641766957, 1.7522821056295999, 0.20918097292807228
2023-05-04 01:29:03,385 - fit_lc_dirty - INFO - selected data num:287; fitting properties (amp, mu, sigma): 6.12303641766957, 1.7522821056295999, 0.20918097292807228
2023-05-04 01:29:03,385 - fit_lc_dirty - INFO - selected data num:287; fitting properties (amp, mu, sigma): 6.12303641766957, 1.7522821056295999, 0.20918097292807228
2023-05-04 01:29:03,390 - fit_lc_dirty - INFO - selected data num:287; fitting properties (amp, mu, sigma): 6.12303641766957, 1.7522821056295999, 0.20918097292807228
2023-05-04 01:29:03,390 - fit_lc_dirty - INFO - selected data num:287; fitting properties (amp, mu, sigma): 6.12303641766957, 1.7522821056295999, 0.20918097292807228
2023-05-04 01:29:03,390 - fit_lc_dirty - INFO - selected data num:287; fitting properties (amp, mu, sigma): 6.12303641766957, 1.7522821056295999, 0.20918097292807228
2023-05-04 01:29:03,390 - fit_lc_dirty - INFO - selected data num:287; fitting properties (amp, mu, sigma): 6.12303641766957, 1.7522821056295999, 0.20918097292807228
2023-05-04 01:29:03,395 - fit_lc_dirty - INFO - selected data num:287; fitting properties (amp, mu, sigma): 6.12303641766957, 1.7522821056295999, 0.20918097292807228
2023-05-04 01:29:03,395 - fit_lc_dirty - INFO - selected data num:287; fitting properties (amp, mu, sigma): 6.12303641766957, 1.7522821056295999, 0.20918097292807228
2023-05-04 01:29:03,395 - fit_lc_dirty - INFO - selected data num:287; fitting properties (amp, mu, sigma): 6.12303641766957, 1.7522821056295999, 0.20918097292807228
2023-05-04 01:29:03,395 - fit_lc_dirty - INFO - selected data num:287; fitting properties (amp, mu, sigma): 6.12303641766957, 1.7522821056295999, 0.20918097292807228
2023-05-04 01:29:03,400 - fit_lc_dirty - INFO - selected data num:287; fitting properties (amp, mu, sigma): 6.12303641766957, 1.7522821056295999, 0.20918097292807228
2023-05-04 01:29:03,400 - fit_lc_dirty - INFO - selected data num:287; fitting properties (amp, mu, sigma): 6.12303641766957, 1.7522821056295999, 0.20918097292807228
2023-05-04 01:29:03,400 - fit_lc_dirty - INFO - selected data num:287; fitting properties (amp, mu, sigma): 6.12303641766957, 1.7522821056295999, 0.20918097292807228
2023-05-04 01:29:03,400 - fit_lc_dirty - INFO - selected data num:287; fitting properties (amp, mu, sigma): 6.12303641766957, 1.7522821056295999, 0.20918097292807228
2023-05-04 01:29:03,405 - fit_lc_dirty - INFO - selected data num:287; fitting properties (amp, mu, sigma): 6.12303641766957, 1.7522821056295999, 0.20918097292807228
2023-05-04 01:29:03,405 - fit_lc_dirty - INFO - selected data num:287; fitting properties (amp, mu, sigma): 6.12303641766957, 1.7522821056295999, 0.20918097292807228
2023-05-04 01:29:03,405 - fit_lc_dirty - INFO - selected data num:287; fitting properties (amp, mu, sigma): 6.12303641766957, 1.7522821056295999, 0.20918097292807228
2023-05-04 01:29:03,405 - fit_lc_dirty - INFO - selected data num:287; fitting properties (amp, mu, sigma): 6.12303641766957, 1.7522821056295999, 0.20918097292807228
2023-05-04 01:29:03,409 - fit_lc_dirty - INFO - selected data num:287; fitting properties (amp, mu, sigma): 6.12303641766957, 1.7522821056295999, 0.20918097292807228
2023-05-04 01:29:03,409 - fit_lc_dirty - INFO - selected data num:287; fitting properties (amp, mu, sigma): 6.12303641766957, 1.7522821056295999, 0.20918097292807228
2023-05-04 01:29:03,409 - fit_lc_dirty - INFO - selected data num:287; fitting properties (amp, mu, sigma): 6.12303641766957, 1.7522821056295999, 0.20918097292807228
2023-05-04 01:29:03,409 - fit_lc_dirty - INFO - selected data num:287; fitting properties (amp, mu, sigma): 6.12303641766957, 1.7522821056295999, 0.20918097292807228
2023-05-04 01:29:03,414 - fit_lc_dirty - INFO - selected data num:287; fitting properties (amp, mu, sigma): 6.12303641766957, 1.7522821056295999, 0.20918097292807228
2023-05-04 01:29:03,414 - fit_lc_dirty - INFO - selected data num:287; fitting properties (amp, mu, sigma): 6.12303641766957, 1.7522821056295999, 0.20918097292807228
2023-05-04 01:29:03,414 - fit_lc_dirty - INFO - selected data num:287; fitting properties (amp, mu, sigma): 6.12303641766957, 1.7522821056295999, 0.20918097292807228
2023-05-04 01:29:03,414 - fit_lc_dirty - INFO - selected data num:287; fitting properties (amp, mu, sigma): 6.12303641766957, 1.7522821056295999, 0.20918097292807228
2023-05-04 01:29:03,418 - fit_lc_dirty - INFO - selected data num:287; fitting properties (amp, mu, sigma): 6.12303641766957, 1.7522821056295999, 0.20918097292807228
2023-05-04 01:29:03,418 - fit_lc_dirty - INFO - selected data num:287; fitting properties (amp, mu, sigma): 6.12303641766957, 1.7522821056295999, 0.20918097292807228
2023-05-04 01:29:03,418 - fit_lc_dirty - INFO - selected data num:287; fitting properties (amp, mu, sigma): 6.12303641766957, 1.7522821056295999, 0.20918097292807228
2023-05-04 01:29:03,418 - fit_lc_dirty - INFO - selected data num:287; fitting properties (amp, mu, sigma): 6.12303641766957, 1.7522821056295999, 0.20918097292807228
2023-05-04 01:29:03,422 - fit_lc_dirty - INFO - selected data num:287; fitting properties (amp, mu, sigma): 6.12303641766957, 1.7522821056295999, 0.20918097292807228
2023-05-04 01:29:03,422 - fit_lc_dirty - INFO - selected data num:287; fitting properties (amp, mu, sigma): 6.12303641766957, 1.7522821056295999, 0.20918097292807228
2023-05-04 01:29:03,422 - fit_lc_dirty - INFO - selected data num:287; fitting properties (amp, mu, sigma): 6.12303641766957, 1.7522821056295999, 0.20918097292807228
2023-05-04 01:29:03,422 - fit_lc_dirty - INFO - selected data num:287; fitting properties (amp, mu, sigma): 6.12303641766957, 1.7522821056295999, 0.20918097292807228
2023-05-04 01:29:03,428 - fit_lc_dirty - INFO - selected data num:287; fitting properties (amp, mu, sigma): 6.12303641766957, 1.7522821056295999, 0.20918097292807228
2023-05-04 01:29:03,428 - fit_lc_dirty - INFO - selected data num:287; fitting properties (amp, mu, sigma): 6.12303641766957, 1.7522821056295999, 0.20918097292807228
2023-05-04 01:29:03,428 - fit_lc_dirty - INFO - selected data num:287; fitting properties (amp, mu, sigma): 6.12303641766957, 1.7522821056295999, 0.20918097292807228
2023-05-04 01:29:03,428 - fit_lc_dirty - INFO - selected data num:287; fitting properties (amp, mu, sigma): 6.12303641766957, 1.7522821056295999, 0.20918097292807228
2023-05-04 01:29:03,434 - fit_lc_dirty - INFO - selected data num:287; fitting properties (amp, mu, sigma): 6.12303641766957, 1.7522821056295999, 0.20918097292807228
2023-05-04 01:29:03,434 - fit_lc_dirty - INFO - selected data num:287; fitting properties (amp, mu, sigma): 6.12303641766957, 1.7522821056295999, 0.20918097292807228
2023-05-04 01:29:03,434 - fit_lc_dirty - INFO - selected data num:287; fitting properties (amp, mu, sigma): 6.12303641766957, 1.7522821056295999, 0.20918097292807228
2023-05-04 01:29:03,434 - fit_lc_dirty - INFO - selected data num:287; fitting properties (amp, mu, sigma): 6.12303641766957, 1.7522821056295999, 0.20918097292807228
2023-05-04 01:29:03,438 - fit_lc_dirty - INFO - selected data num:287; fitting properties (amp, mu, sigma): 6.12303641766957, 1.7522821056295999, 0.20918097292807228
2023-05-04 01:29:03,438 - fit_lc_dirty - INFO - selected data num:287; fitting properties (amp, mu, sigma): 6.12303641766957, 1.7522821056295999, 0.20918097292807228
2023-05-04 01:29:03,438 - fit_lc_dirty - INFO - selected data num:287; fitting properties (amp, mu, sigma): 6.12303641766957, 1.7522821056295999, 0.20918097292807228
2023-05-04 01:29:03,438 - fit_lc_dirty - INFO - selected data num:287; fitting properties (amp, mu, sigma): 6.12303641766957, 1.7522821056295999, 0.20918097292807228
2023-05-04 01:29:03,442 - fit_lc_dirty - INFO - selected data num:287; fitting properties (amp, mu, sigma): 6.12303641766957, 1.7522821056295999, 0.20918097292807228
2023-05-04 01:29:03,442 - fit_lc_dirty - INFO - selected data num:287; fitting properties (amp, mu, sigma): 6.12303641766957, 1.7522821056295999, 0.20918097292807228
2023-05-04 01:29:03,442 - fit_lc_dirty - INFO - selected data num:287; fitting properties (amp, mu, sigma): 6.12303641766957, 1.7522821056295999, 0.20918097292807228
2023-05-04 01:29:03,442 - fit_lc_dirty - INFO - selected data num:287; fitting properties (amp, mu, sigma): 6.12303641766957, 1.7522821056295999, 0.20918097292807228
2023-05-04 01:29:03,446 - fit_lc_dirty - INFO - selected data num:287; fitting properties (amp, mu, sigma): 6.12303641766957, 1.7522821056295999, 0.20918097292807228
2023-05-04 01:29:03,446 - fit_lc_dirty - INFO - selected data num:287; fitting properties (amp, mu, sigma): 6.12303641766957, 1.7522821056295999, 0.20918097292807228
2023-05-04 01:29:03,446 - fit_lc_dirty - INFO - selected data num:287; fitting properties (amp, mu, sigma): 6.12303641766957, 1.7522821056295999, 0.20918097292807228
2023-05-04 01:29:03,446 - fit_lc_dirty - INFO - selected data num:287; fitting properties (amp, mu, sigma): 6.12303641766957, 1.7522821056295999, 0.20918097292807228
2023-05-04 01:29:03,451 - fit_lc_dirty - INFO - selected data num:287; fitting properties (amp, mu, sigma): 6.12303641766957, 1.7522821056295999, 0.20918097292807228
2023-05-04 01:29:03,451 - fit_lc_dirty - INFO - selected data num:287; fitting properties (amp, mu, sigma): 6.12303641766957, 1.7522821056295999, 0.20918097292807228
2023-05-04 01:29:03,451 - fit_lc_dirty - INFO - selected data num:287; fitting properties (amp, mu, sigma): 6.12303641766957, 1.7522821056295999, 0.20918097292807228
2023-05-04 01:29:03,451 - fit_lc_dirty - INFO - selected data num:287; fitting properties (amp, mu, sigma): 6.12303641766957, 1.7522821056295999, 0.20918097292807228
2023-05-04 01:29:03,455 - fit_lc_dirty - INFO - selected data num:287; fitting properties (amp, mu, sigma): 6.12303641766957, 1.7522821056295999, 0.20918097292807228
2023-05-04 01:29:03,455 - fit_lc_dirty - INFO - selected data num:287; fitting properties (amp, mu, sigma): 6.12303641766957, 1.7522821056295999, 0.20918097292807228
2023-05-04 01:29:03,455 - fit_lc_dirty - INFO - selected data num:287; fitting properties (amp, mu, sigma): 6.12303641766957, 1.7522821056295999, 0.20918097292807228
2023-05-04 01:29:03,455 - fit_lc_dirty - INFO - selected data num:287; fitting properties (amp, mu, sigma): 6.12303641766957, 1.7522821056295999, 0.20918097292807228
2023-05-04 01:29:03,459 - fit_lc_dirty - INFO - selected data num:287; fitting properties (amp, mu, sigma): 6.12303641766957, 1.7522821056295999, 0.20918097292807228
2023-05-04 01:29:03,459 - fit_lc_dirty - INFO - selected data num:287; fitting properties (amp, mu, sigma): 6.12303641766957, 1.7522821056295999, 0.20918097292807228
2023-05-04 01:29:03,459 - fit_lc_dirty - INFO - selected data num:287; fitting properties (amp, mu, sigma): 6.12303641766957, 1.7522821056295999, 0.20918097292807228
2023-05-04 01:29:03,459 - fit_lc_dirty - INFO - selected data num:287; fitting properties (amp, mu, sigma): 6.12303641766957, 1.7522821056295999, 0.20918097292807228
2023-05-04 01:29:03,464 - fit_lc_dirty - INFO - selected data num:287; fitting properties (amp, mu, sigma): 6.12303641766957, 1.7522821056295999, 0.20918097292807228
2023-05-04 01:29:03,464 - fit_lc_dirty - INFO - selected data num:287; fitting properties (amp, mu, sigma): 6.12303641766957, 1.7522821056295999, 0.20918097292807228
2023-05-04 01:29:03,464 - fit_lc_dirty - INFO - selected data num:287; fitting properties (amp, mu, sigma): 6.12303641766957, 1.7522821056295999, 0.20918097292807228
2023-05-04 01:29:03,464 - fit_lc_dirty - INFO - selected data num:287; fitting properties (amp, mu, sigma): 6.12303641766957, 1.7522821056295999, 0.20918097292807228
2023-05-04 01:29:03,466 - fit_lc_dirty - INFO - selected data num:287; fitting properties (amp, mu, sigma): 6.12303641766957, 1.7522821056295999, 0.20918097292807228
2023-05-04 01:29:03,466 - fit_lc_dirty - INFO - selected data num:287; fitting properties (amp, mu, sigma): 6.12303641766957, 1.7522821056295999, 0.20918097292807228
2023-05-04 01:29:03,466 - fit_lc_dirty - INFO - selected data num:287; fitting properties (amp, mu, sigma): 6.12303641766957, 1.7522821056295999, 0.20918097292807228
2023-05-04 01:29:03,466 - fit_lc_dirty - INFO - selected data num:287; fitting properties (amp, mu, sigma): 6.12303641766957, 1.7522821056295999, 0.20918097292807228
2023-05-04 01:29:03,467 - fit_lc_dirty - INFO - selected data num:287; fitting properties (amp, mu, sigma): 6.12303641766957, 1.7522821056295999, 0.20918097292807228
2023-05-04 01:29:03,467 - fit_lc_dirty - INFO - selected data num:287; fitting properties (amp, mu, sigma): 6.12303641766957, 1.7522821056295999, 0.20918097292807228
2023-05-04 01:29:03,467 - fit_lc_dirty - INFO - selected data num:287; fitting properties (amp, mu, sigma): 6.12303641766957, 1.7522821056295999, 0.20918097292807228
2023-05-04 01:29:03,467 - fit_lc_dirty - INFO - selected data num:287; fitting properties (amp, mu, sigma): 6.12303641766957, 1.7522821056295999, 0.20918097292807228
