2023-05-04 00:30:07,966 - fit_lc_dirty - INFO - filtering rate_10000-12000_EMOS1.fits
2023-05-04 00:30:07,977 - fit_lc_dirty - INFO - selected data num:398; fitting properties (amp, mu, sigma): 39.337216236258385, 0.14339772730668918, 0.042773797736310834
2023-05-04 00:30:07,988 - fit_lc_dirty - INFO - selected data num:392; fitting properties (amp, mu, sigma): 40.2485757625876, 0.14231266217817692, 0.04038105114445398
2023-05-04 00:30:07,991 - fit_lc_dirty - INFO - selected data num:392; fitting properties (amp, mu, sigma): 40.094674133174564, 0.1421521016858104, 0.04037805042885951
2023-05-04 00:30:08,002 - fit_lc_dirty - INFO - selected data num:392; fitting properties (amp, mu, sigma): 40.094674133174564, 0.1421521016858104, 0.04037805042885951
2023-05-04 00:30:08,012 - fit_lc_dirty - INFO - selected data num:392; fitting properties (amp, mu, sigma): 40.094674133174564, 0.1421521016858104, 0.04037805042885951
2023-05-04 00:30:08,022 - fit_lc_dirty - INFO - selected data num:392; fitting properties (amp, mu, sigma): 40.094674133174564, 0.1421521016858104, 0.04037805042885951
2023-05-04 00:30:08,031 - fit_lc_dirty - INFO - selected data num:392; fitting properties (amp, mu, sigma): 40.094674133174564, 0.1421521016858104, 0.04037805042885951
2023-05-04 00:30:08,041 - fit_lc_dirty - INFO - selected data num:392; fitting properties (amp, mu, sigma): 40.094674133174564, 0.1421521016858104, 0.04037805042885951
2023-05-04 00:30:08,050 - fit_lc_dirty - INFO - selected data num:392; fitting properties (amp, mu, sigma): 40.094674133174564, 0.1421521016858104, 0.04037805042885951
2023-05-04 00:30:08,059 - fit_lc_dirty - INFO - selected data num:392; fitting properties (amp, mu, sigma): 40.094674133174564, 0.1421521016858104, 0.04037805042885951
2023-05-04 00:30:08,309 - fit_lc_dirty - INFO - filtering rate_10000-12000_EMOS2.fits
2023-05-04 00:30:08,309 - fit_lc_dirty - INFO - filtering rate_10000-12000_EMOS2.fits
2023-05-04 00:30:08,319 - fit_lc_dirty - INFO - selected data num:437; fitting properties (amp, mu, sigma): 37.714993922997685, 0.16380538033100606, 0.04812233920075666
2023-05-04 00:30:08,319 - fit_lc_dirty - INFO - selected data num:437; fitting properties (amp, mu, sigma): 37.714993922997685, 0.16380538033100606, 0.04812233920075666
2023-05-04 00:30:08,322 - fit_lc_dirty - INFO - selected data num:428; fitting properties (amp, mu, sigma): 38.12044820262021, 0.1636352120581645, 0.04730095504466008
2023-05-04 00:30:08,322 - fit_lc_dirty - INFO - selected data num:428; fitting properties (amp, mu, sigma): 38.12044820262021, 0.1636352120581645, 0.04730095504466008
2023-05-04 00:30:08,325 - fit_lc_dirty - INFO - selected data num:428; fitting properties (amp, mu, sigma): 38.21242946489428, 0.16320863838483132, 0.04682733127447776
2023-05-04 00:30:08,325 - fit_lc_dirty - INFO - selected data num:428; fitting properties (amp, mu, sigma): 38.21242946489428, 0.16320863838483132, 0.04682733127447776
2023-05-04 00:30:08,333 - fit_lc_dirty - INFO - selected data num:428; fitting properties (amp, mu, sigma): 38.21242946489428, 0.16320863838483132, 0.04682733127447776
2023-05-04 00:30:08,333 - fit_lc_dirty - INFO - selected data num:428; fitting properties (amp, mu, sigma): 38.21242946489428, 0.16320863838483132, 0.04682733127447776
2023-05-04 00:30:08,344 - fit_lc_dirty - INFO - selected data num:428; fitting properties (amp, mu, sigma): 38.21242946489428, 0.16320863838483132, 0.04682733127447776
2023-05-04 00:30:08,344 - fit_lc_dirty - INFO - selected data num:428; fitting properties (amp, mu, sigma): 38.21242946489428, 0.16320863838483132, 0.04682733127447776
2023-05-04 00:30:08,353 - fit_lc_dirty - INFO - selected data num:428; fitting properties (amp, mu, sigma): 38.21242946489428, 0.16320863838483132, 0.04682733127447776
2023-05-04 00:30:08,353 - fit_lc_dirty - INFO - selected data num:428; fitting properties (amp, mu, sigma): 38.21242946489428, 0.16320863838483132, 0.04682733127447776
2023-05-04 00:30:08,363 - fit_lc_dirty - INFO - selected data num:428; fitting properties (amp, mu, sigma): 38.21242946489428, 0.16320863838483132, 0.04682733127447776
2023-05-04 00:30:08,363 - fit_lc_dirty - INFO - selected data num:428; fitting properties (amp, mu, sigma): 38.21242946489428, 0.16320863838483132, 0.04682733127447776
2023-05-04 00:30:08,373 - fit_lc_dirty - INFO - selected data num:428; fitting properties (amp, mu, sigma): 38.21242946489428, 0.16320863838483132, 0.04682733127447776
2023-05-04 00:30:08,373 - fit_lc_dirty - INFO - selected data num:428; fitting properties (amp, mu, sigma): 38.21242946489428, 0.16320863838483132, 0.04682733127447776
2023-05-04 00:30:08,383 - fit_lc_dirty - INFO - selected data num:428; fitting properties (amp, mu, sigma): 38.21242946489428, 0.16320863838483132, 0.04682733127447776
2023-05-04 00:30:08,383 - fit_lc_dirty - INFO - selected data num:428; fitting properties (amp, mu, sigma): 38.21242946489428, 0.16320863838483132, 0.04682733127447776
2023-05-04 00:30:08,394 - fit_lc_dirty - INFO - selected data num:428; fitting properties (amp, mu, sigma): 38.21242946489428, 0.16320863838483132, 0.04682733127447776
2023-05-04 00:30:08,394 - fit_lc_dirty - INFO - selected data num:428; fitting properties (amp, mu, sigma): 38.21242946489428, 0.16320863838483132, 0.04682733127447776
2023-05-04 00:30:08,651 - fit_lc_dirty - INFO - filtering rate_10000-14000_EPN.fits
2023-05-04 00:30:08,651 - fit_lc_dirty - INFO - filtering rate_10000-14000_EPN.fits
2023-05-04 00:30:08,651 - fit_lc_dirty - INFO - filtering rate_10000-14000_EPN.fits
2023-05-04 00:30:08,661 - fit_lc_dirty - INFO - selected data num:281; fitting properties (amp, mu, sigma): 8.797998595489082, 0.862976587881895, 0.13800008427690683
2023-05-04 00:30:08,661 - fit_lc_dirty - INFO - selected data num:281; fitting properties (amp, mu, sigma): 8.797998595489082, 0.862976587881895, 0.13800008427690683
2023-05-04 00:30:08,661 - fit_lc_dirty - INFO - selected data num:281; fitting properties (amp, mu, sigma): 8.797998595489082, 0.862976587881895, 0.13800008427690683
2023-05-04 00:30:08,664 - fit_lc_dirty - INFO - selected data num:270; fitting properties (amp, mu, sigma): 9.036140314698446, 0.8595273732855027, 0.1293166637502713
2023-05-04 00:30:08,664 - fit_lc_dirty - INFO - selected data num:270; fitting properties (amp, mu, sigma): 9.036140314698446, 0.8595273732855027, 0.1293166637502713
2023-05-04 00:30:08,664 - fit_lc_dirty - INFO - selected data num:270; fitting properties (amp, mu, sigma): 9.036140314698446, 0.8595273732855027, 0.1293166637502713
2023-05-04 00:30:08,671 - fit_lc_dirty - INFO - selected data num:267; fitting properties (amp, mu, sigma): 9.19205601523438, 0.856115084603604, 0.12356574678421374
2023-05-04 00:30:08,671 - fit_lc_dirty - INFO - selected data num:267; fitting properties (amp, mu, sigma): 9.19205601523438, 0.856115084603604, 0.12356574678421374
2023-05-04 00:30:08,671 - fit_lc_dirty - INFO - selected data num:267; fitting properties (amp, mu, sigma): 9.19205601523438, 0.856115084603604, 0.12356574678421374
2023-05-04 00:30:08,674 - fit_lc_dirty - INFO - selected data num:264; fitting properties (amp, mu, sigma): 9.24839190599021, 0.8556413227888295, 0.12153007842172352
2023-05-04 00:30:08,674 - fit_lc_dirty - INFO - selected data num:264; fitting properties (amp, mu, sigma): 9.24839190599021, 0.8556413227888295, 0.12153007842172352
2023-05-04 00:30:08,674 - fit_lc_dirty - INFO - selected data num:264; fitting properties (amp, mu, sigma): 9.24839190599021, 0.8556413227888295, 0.12153007842172352
2023-05-04 00:30:08,682 - fit_lc_dirty - INFO - selected data num:264; fitting properties (amp, mu, sigma): 9.284142607205272, 0.8547528683859636, 0.12045519125607002
2023-05-04 00:30:08,682 - fit_lc_dirty - INFO - selected data num:264; fitting properties (amp, mu, sigma): 9.284142607205272, 0.8547528683859636, 0.12045519125607002
2023-05-04 00:30:08,682 - fit_lc_dirty - INFO - selected data num:264; fitting properties (amp, mu, sigma): 9.284142607205272, 0.8547528683859636, 0.12045519125607002
2023-05-04 00:30:08,685 - fit_lc_dirty - INFO - selected data num:264; fitting properties (amp, mu, sigma): 9.284142607205272, 0.8547528683859636, 0.12045519125607002
2023-05-04 00:30:08,685 - fit_lc_dirty - INFO - selected data num:264; fitting properties (amp, mu, sigma): 9.284142607205272, 0.8547528683859636, 0.12045519125607002
2023-05-04 00:30:08,685 - fit_lc_dirty - INFO - selected data num:264; fitting properties (amp, mu, sigma): 9.284142607205272, 0.8547528683859636, 0.12045519125607002
2023-05-04 00:30:08,695 - fit_lc_dirty - INFO - selected data num:264; fitting properties (amp, mu, sigma): 9.284142607205272, 0.8547528683859636, 0.12045519125607002
2023-05-04 00:30:08,695 - fit_lc_dirty - INFO - selected data num:264; fitting properties (amp, mu, sigma): 9.284142607205272, 0.8547528683859636, 0.12045519125607002
2023-05-04 00:30:08,695 - fit_lc_dirty - INFO - selected data num:264; fitting properties (amp, mu, sigma): 9.284142607205272, 0.8547528683859636, 0.12045519125607002
2023-05-04 00:30:08,698 - fit_lc_dirty - INFO - selected data num:264; fitting properties (amp, mu, sigma): 9.284142607205272, 0.8547528683859636, 0.12045519125607002
2023-05-04 00:30:08,698 - fit_lc_dirty - INFO - selected data num:264; fitting properties (amp, mu, sigma): 9.284142607205272, 0.8547528683859636, 0.12045519125607002
2023-05-04 00:30:08,698 - fit_lc_dirty - INFO - selected data num:264; fitting properties (amp, mu, sigma): 9.284142607205272, 0.8547528683859636, 0.12045519125607002
2023-05-04 00:30:08,706 - fit_lc_dirty - INFO - selected data num:264; fitting properties (amp, mu, sigma): 9.284142607205272, 0.8547528683859636, 0.12045519125607002
2023-05-04 00:30:08,706 - fit_lc_dirty - INFO - selected data num:264; fitting properties (amp, mu, sigma): 9.284142607205272, 0.8547528683859636, 0.12045519125607002
2023-05-04 00:30:08,706 - fit_lc_dirty - INFO - selected data num:264; fitting properties (amp, mu, sigma): 9.284142607205272, 0.8547528683859636, 0.12045519125607002
2023-05-04 00:30:08,715 - fit_lc_dirty - INFO - selected data num:264; fitting properties (amp, mu, sigma): 9.284142607205272, 0.8547528683859636, 0.12045519125607002
2023-05-04 00:30:08,715 - fit_lc_dirty - INFO - selected data num:264; fitting properties (amp, mu, sigma): 9.284142607205272, 0.8547528683859636, 0.12045519125607002
2023-05-04 00:30:08,715 - fit_lc_dirty - INFO - selected data num:264; fitting properties (amp, mu, sigma): 9.284142607205272, 0.8547528683859636, 0.12045519125607002
2023-05-04 00:30:08,958 - fit_lc_dirty - INFO - filtering rate_10000-14000_Oot.fits
2023-05-04 00:30:08,958 - fit_lc_dirty - INFO - filtering rate_10000-14000_Oot.fits
2023-05-04 00:30:08,958 - fit_lc_dirty - INFO - filtering rate_10000-14000_Oot.fits
2023-05-04 00:30:08,958 - fit_lc_dirty - INFO - filtering rate_10000-14000_Oot.fits
2023-05-04 00:30:08,971 - fit_lc_dirty - INFO - selected data num:270; fitting properties (amp, mu, sigma): 9.24863301805584, 0.8524522741975895, 0.12463846597800307
2023-05-04 00:30:08,971 - fit_lc_dirty - INFO - selected data num:270; fitting properties (amp, mu, sigma): 9.24863301805584, 0.8524522741975895, 0.12463846597800307
2023-05-04 00:30:08,971 - fit_lc_dirty - INFO - selected data num:270; fitting properties (amp, mu, sigma): 9.24863301805584, 0.8524522741975895, 0.12463846597800307
2023-05-04 00:30:08,971 - fit_lc_dirty - INFO - selected data num:270; fitting properties (amp, mu, sigma): 9.24863301805584, 0.8524522741975895, 0.12463846597800307
2023-05-04 00:30:08,973 - fit_lc_dirty - INFO - selected data num:263; fitting properties (amp, mu, sigma): 9.472121070665379, 0.8508483821466037, 0.117984557759639
2023-05-04 00:30:08,973 - fit_lc_dirty - INFO - selected data num:263; fitting properties (amp, mu, sigma): 9.472121070665379, 0.8508483821466037, 0.117984557759639
2023-05-04 00:30:08,973 - fit_lc_dirty - INFO - selected data num:263; fitting properties (amp, mu, sigma): 9.472121070665379, 0.8508483821466037, 0.117984557759639
2023-05-04 00:30:08,973 - fit_lc_dirty - INFO - selected data num:263; fitting properties (amp, mu, sigma): 9.472121070665379, 0.8508483821466037, 0.117984557759639
2023-05-04 00:30:08,982 - fit_lc_dirty - INFO - selected data num:261; fitting properties (amp, mu, sigma): 9.54501473737823, 0.8489747654624221, 0.11521390495522806
2023-05-04 00:30:08,982 - fit_lc_dirty - INFO - selected data num:261; fitting properties (amp, mu, sigma): 9.54501473737823, 0.8489747654624221, 0.11521390495522806
2023-05-04 00:30:08,982 - fit_lc_dirty - INFO - selected data num:261; fitting properties (amp, mu, sigma): 9.54501473737823, 0.8489747654624221, 0.11521390495522806
2023-05-04 00:30:08,982 - fit_lc_dirty - INFO - selected data num:261; fitting properties (amp, mu, sigma): 9.54501473737823, 0.8489747654624221, 0.11521390495522806
2023-05-04 00:30:08,991 - fit_lc_dirty - INFO - selected data num:261; fitting properties (amp, mu, sigma): 9.555039630079921, 0.8486214710032112, 0.11531458580023164
2023-05-04 00:30:08,991 - fit_lc_dirty - INFO - selected data num:261; fitting properties (amp, mu, sigma): 9.555039630079921, 0.8486214710032112, 0.11531458580023164
2023-05-04 00:30:08,991 - fit_lc_dirty - INFO - selected data num:261; fitting properties (amp, mu, sigma): 9.555039630079921, 0.8486214710032112, 0.11531458580023164
2023-05-04 00:30:08,991 - fit_lc_dirty - INFO - selected data num:261; fitting properties (amp, mu, sigma): 9.555039630079921, 0.8486214710032112, 0.11531458580023164
2023-05-04 00:30:09,001 - fit_lc_dirty - INFO - selected data num:261; fitting properties (amp, mu, sigma): 9.555039630079921, 0.8486214710032112, 0.11531458580023164
2023-05-04 00:30:09,001 - fit_lc_dirty - INFO - selected data num:261; fitting properties (amp, mu, sigma): 9.555039630079921, 0.8486214710032112, 0.11531458580023164
2023-05-04 00:30:09,001 - fit_lc_dirty - INFO - selected data num:261; fitting properties (amp, mu, sigma): 9.555039630079921, 0.8486214710032112, 0.11531458580023164
2023-05-04 00:30:09,001 - fit_lc_dirty - INFO - selected data num:261; fitting properties (amp, mu, sigma): 9.555039630079921, 0.8486214710032112, 0.11531458580023164
2023-05-04 00:30:09,013 - fit_lc_dirty - INFO - selected data num:261; fitting properties (amp, mu, sigma): 9.555039630079921, 0.8486214710032112, 0.11531458580023164
2023-05-04 00:30:09,013 - fit_lc_dirty - INFO - selected data num:261; fitting properties (amp, mu, sigma): 9.555039630079921, 0.8486214710032112, 0.11531458580023164
2023-05-04 00:30:09,013 - fit_lc_dirty - INFO - selected data num:261; fitting properties (amp, mu, sigma): 9.555039630079921, 0.8486214710032112, 0.11531458580023164
2023-05-04 00:30:09,013 - fit_lc_dirty - INFO - selected data num:261; fitting properties (amp, mu, sigma): 9.555039630079921, 0.8486214710032112, 0.11531458580023164
2023-05-04 00:30:09,025 - fit_lc_dirty - INFO - selected data num:261; fitting properties (amp, mu, sigma): 9.555039630079921, 0.8486214710032112, 0.11531458580023164
2023-05-04 00:30:09,025 - fit_lc_dirty - INFO - selected data num:261; fitting properties (amp, mu, sigma): 9.555039630079921, 0.8486214710032112, 0.11531458580023164
2023-05-04 00:30:09,025 - fit_lc_dirty - INFO - selected data num:261; fitting properties (amp, mu, sigma): 9.555039630079921, 0.8486214710032112, 0.11531458580023164
2023-05-04 00:30:09,025 - fit_lc_dirty - INFO - selected data num:261; fitting properties (amp, mu, sigma): 9.555039630079921, 0.8486214710032112, 0.11531458580023164
2023-05-04 00:30:09,035 - fit_lc_dirty - INFO - selected data num:261; fitting properties (amp, mu, sigma): 9.555039630079921, 0.8486214710032112, 0.11531458580023164
2023-05-04 00:30:09,035 - fit_lc_dirty - INFO - selected data num:261; fitting properties (amp, mu, sigma): 9.555039630079921, 0.8486214710032112, 0.11531458580023164
2023-05-04 00:30:09,035 - fit_lc_dirty - INFO - selected data num:261; fitting properties (amp, mu, sigma): 9.555039630079921, 0.8486214710032112, 0.11531458580023164
2023-05-04 00:30:09,035 - fit_lc_dirty - INFO - selected data num:261; fitting properties (amp, mu, sigma): 9.555039630079921, 0.8486214710032112, 0.11531458580023164
2023-05-04 00:30:09,044 - fit_lc_dirty - INFO - selected data num:261; fitting properties (amp, mu, sigma): 9.555039630079921, 0.8486214710032112, 0.11531458580023164
2023-05-04 00:30:09,044 - fit_lc_dirty - INFO - selected data num:261; fitting properties (amp, mu, sigma): 9.555039630079921, 0.8486214710032112, 0.11531458580023164
2023-05-04 00:30:09,044 - fit_lc_dirty - INFO - selected data num:261; fitting properties (amp, mu, sigma): 9.555039630079921, 0.8486214710032112, 0.11531458580023164
2023-05-04 00:30:09,044 - fit_lc_dirty - INFO - selected data num:261; fitting properties (amp, mu, sigma): 9.555039630079921, 0.8486214710032112, 0.11531458580023164
2023-05-04 00:30:09,053 - fit_lc_dirty - INFO - selected data num:261; fitting properties (amp, mu, sigma): 9.555039630079921, 0.8486214710032112, 0.11531458580023164
2023-05-04 00:30:09,053 - fit_lc_dirty - INFO - selected data num:261; fitting properties (amp, mu, sigma): 9.555039630079921, 0.8486214710032112, 0.11531458580023164
2023-05-04 00:30:09,053 - fit_lc_dirty - INFO - selected data num:261; fitting properties (amp, mu, sigma): 9.555039630079921, 0.8486214710032112, 0.11531458580023164
2023-05-04 00:30:09,053 - fit_lc_dirty - INFO - selected data num:261; fitting properties (amp, mu, sigma): 9.555039630079921, 0.8486214710032112, 0.11531458580023164
2023-05-04 00:30:09,352 - fit_lc_dirty - INFO - filtering rate_4000-10000_EMOS1_hiband_clean.fits
2023-05-04 00:30:09,352 - fit_lc_dirty - INFO - filtering rate_4000-10000_EMOS1_hiband_clean.fits
2023-05-04 00:30:09,352 - fit_lc_dirty - INFO - filtering rate_4000-10000_EMOS1_hiband_clean.fits
2023-05-04 00:30:09,352 - fit_lc_dirty - INFO - filtering rate_4000-10000_EMOS1_hiband_clean.fits
2023-05-04 00:30:09,367 - fit_lc_dirty - INFO - selected data num:354; fitting properties (amp, mu, sigma): 15.05553946227149, 0.5651947140839548, 0.10094802140146149
2023-05-04 00:30:09,367 - fit_lc_dirty - INFO - selected data num:354; fitting properties (amp, mu, sigma): 15.05553946227149, 0.5651947140839548, 0.10094802140146149
2023-05-04 00:30:09,367 - fit_lc_dirty - INFO - selected data num:354; fitting properties (amp, mu, sigma): 15.05553946227149, 0.5651947140839548, 0.10094802140146149
2023-05-04 00:30:09,367 - fit_lc_dirty - INFO - selected data num:354; fitting properties (amp, mu, sigma): 15.05553946227149, 0.5651947140839548, 0.10094802140146149
2023-05-04 00:30:09,373 - fit_lc_dirty - INFO - selected data num:351; fitting properties (amp, mu, sigma): 15.26977857818473, 0.5631078914721054, 0.09742514953992754
2023-05-04 00:30:09,373 - fit_lc_dirty - INFO - selected data num:351; fitting properties (amp, mu, sigma): 15.26977857818473, 0.5631078914721054, 0.09742514953992754
2023-05-04 00:30:09,373 - fit_lc_dirty - INFO - selected data num:351; fitting properties (amp, mu, sigma): 15.26977857818473, 0.5631078914721054, 0.09742514953992754
2023-05-04 00:30:09,373 - fit_lc_dirty - INFO - selected data num:351; fitting properties (amp, mu, sigma): 15.26977857818473, 0.5631078914721054, 0.09742514953992754
2023-05-04 00:30:09,384 - fit_lc_dirty - INFO - selected data num:351; fitting properties (amp, mu, sigma): 15.330167624815145, 0.5627078309810879, 0.09691791146975101
2023-05-04 00:30:09,384 - fit_lc_dirty - INFO - selected data num:351; fitting properties (amp, mu, sigma): 15.330167624815145, 0.5627078309810879, 0.09691791146975101
2023-05-04 00:30:09,384 - fit_lc_dirty - INFO - selected data num:351; fitting properties (amp, mu, sigma): 15.330167624815145, 0.5627078309810879, 0.09691791146975101
2023-05-04 00:30:09,384 - fit_lc_dirty - INFO - selected data num:351; fitting properties (amp, mu, sigma): 15.330167624815145, 0.5627078309810879, 0.09691791146975101
2023-05-04 00:30:09,393 - fit_lc_dirty - INFO - selected data num:351; fitting properties (amp, mu, sigma): 15.330167624815145, 0.5627078309810879, 0.09691791146975101
2023-05-04 00:30:09,393 - fit_lc_dirty - INFO - selected data num:351; fitting properties (amp, mu, sigma): 15.330167624815145, 0.5627078309810879, 0.09691791146975101
2023-05-04 00:30:09,393 - fit_lc_dirty - INFO - selected data num:351; fitting properties (amp, mu, sigma): 15.330167624815145, 0.5627078309810879, 0.09691791146975101
2023-05-04 00:30:09,393 - fit_lc_dirty - INFO - selected data num:351; fitting properties (amp, mu, sigma): 15.330167624815145, 0.5627078309810879, 0.09691791146975101
2023-05-04 00:30:09,404 - fit_lc_dirty - INFO - selected data num:351; fitting properties (amp, mu, sigma): 15.330167624815145, 0.5627078309810879, 0.09691791146975101
2023-05-04 00:30:09,404 - fit_lc_dirty - INFO - selected data num:351; fitting properties (amp, mu, sigma): 15.330167624815145, 0.5627078309810879, 0.09691791146975101
2023-05-04 00:30:09,404 - fit_lc_dirty - INFO - selected data num:351; fitting properties (amp, mu, sigma): 15.330167624815145, 0.5627078309810879, 0.09691791146975101
2023-05-04 00:30:09,404 - fit_lc_dirty - INFO - selected data num:351; fitting properties (amp, mu, sigma): 15.330167624815145, 0.5627078309810879, 0.09691791146975101
2023-05-04 00:30:09,406 - fit_lc_dirty - INFO - selected data num:351; fitting properties (amp, mu, sigma): 15.330167624815145, 0.5627078309810879, 0.09691791146975101
2023-05-04 00:30:09,406 - fit_lc_dirty - INFO - selected data num:351; fitting properties (amp, mu, sigma): 15.330167624815145, 0.5627078309810879, 0.09691791146975101
2023-05-04 00:30:09,406 - fit_lc_dirty - INFO - selected data num:351; fitting properties (amp, mu, sigma): 15.330167624815145, 0.5627078309810879, 0.09691791146975101
2023-05-04 00:30:09,406 - fit_lc_dirty - INFO - selected data num:351; fitting properties (amp, mu, sigma): 15.330167624815145, 0.5627078309810879, 0.09691791146975101
2023-05-04 00:30:09,417 - fit_lc_dirty - INFO - selected data num:351; fitting properties (amp, mu, sigma): 15.330167624815145, 0.5627078309810879, 0.09691791146975101
2023-05-04 00:30:09,417 - fit_lc_dirty - INFO - selected data num:351; fitting properties (amp, mu, sigma): 15.330167624815145, 0.5627078309810879, 0.09691791146975101
2023-05-04 00:30:09,417 - fit_lc_dirty - INFO - selected data num:351; fitting properties (amp, mu, sigma): 15.330167624815145, 0.5627078309810879, 0.09691791146975101
2023-05-04 00:30:09,417 - fit_lc_dirty - INFO - selected data num:351; fitting properties (amp, mu, sigma): 15.330167624815145, 0.5627078309810879, 0.09691791146975101
2023-05-04 00:30:09,428 - fit_lc_dirty - INFO - selected data num:351; fitting properties (amp, mu, sigma): 15.330167624815145, 0.5627078309810879, 0.09691791146975101
2023-05-04 00:30:09,428 - fit_lc_dirty - INFO - selected data num:351; fitting properties (amp, mu, sigma): 15.330167624815145, 0.5627078309810879, 0.09691791146975101
2023-05-04 00:30:09,428 - fit_lc_dirty - INFO - selected data num:351; fitting properties (amp, mu, sigma): 15.330167624815145, 0.5627078309810879, 0.09691791146975101
2023-05-04 00:30:09,428 - fit_lc_dirty - INFO - selected data num:351; fitting properties (amp, mu, sigma): 15.330167624815145, 0.5627078309810879, 0.09691791146975101
2023-05-04 00:30:09,432 - fit_lc_dirty - INFO - selected data num:351; fitting properties (amp, mu, sigma): 15.330167624815145, 0.5627078309810879, 0.09691791146975101
2023-05-04 00:30:09,432 - fit_lc_dirty - INFO - selected data num:351; fitting properties (amp, mu, sigma): 15.330167624815145, 0.5627078309810879, 0.09691791146975101
2023-05-04 00:30:09,432 - fit_lc_dirty - INFO - selected data num:351; fitting properties (amp, mu, sigma): 15.330167624815145, 0.5627078309810879, 0.09691791146975101
2023-05-04 00:30:09,432 - fit_lc_dirty - INFO - selected data num:351; fitting properties (amp, mu, sigma): 15.330167624815145, 0.5627078309810879, 0.09691791146975101
2023-05-04 00:30:09,436 - fit_lc_dirty - INFO - selected data num:351; fitting properties (amp, mu, sigma): 15.330167624815145, 0.5627078309810879, 0.09691791146975101
2023-05-04 00:30:09,436 - fit_lc_dirty - INFO - selected data num:351; fitting properties (amp, mu, sigma): 15.330167624815145, 0.5627078309810879, 0.09691791146975101
2023-05-04 00:30:09,436 - fit_lc_dirty - INFO - selected data num:351; fitting properties (amp, mu, sigma): 15.330167624815145, 0.5627078309810879, 0.09691791146975101
2023-05-04 00:30:09,436 - fit_lc_dirty - INFO - selected data num:351; fitting properties (amp, mu, sigma): 15.330167624815145, 0.5627078309810879, 0.09691791146975101
2023-05-04 00:30:09,672 - fit_lc_dirty - INFO - filtering rate_4000-10000_EMOS2_hiband_clean.fits
2023-05-04 00:30:09,672 - fit_lc_dirty - INFO - filtering rate_4000-10000_EMOS2_hiband_clean.fits
2023-05-04 00:30:09,672 - fit_lc_dirty - INFO - filtering rate_4000-10000_EMOS2_hiband_clean.fits
2023-05-04 00:30:09,672 - fit_lc_dirty - INFO - filtering rate_4000-10000_EMOS2_hiband_clean.fits
2023-05-04 00:30:09,683 - fit_lc_dirty - INFO - selected data num:366; fitting properties (amp, mu, sigma): 15.992302314536953, 0.632697736221612, 0.09559807691881907
2023-05-04 00:30:09,683 - fit_lc_dirty - INFO - selected data num:366; fitting properties (amp, mu, sigma): 15.992302314536953, 0.632697736221612, 0.09559807691881907
2023-05-04 00:30:09,683 - fit_lc_dirty - INFO - selected data num:366; fitting properties (amp, mu, sigma): 15.992302314536953, 0.632697736221612, 0.09559807691881907
2023-05-04 00:30:09,683 - fit_lc_dirty - INFO - selected data num:366; fitting properties (amp, mu, sigma): 15.992302314536953, 0.632697736221612, 0.09559807691881907
2023-05-04 00:30:09,692 - fit_lc_dirty - INFO - selected data num:366; fitting properties (amp, mu, sigma): 16.001884500768153, 0.6320856312756766, 0.09491997574152132
2023-05-04 00:30:09,692 - fit_lc_dirty - INFO - selected data num:366; fitting properties (amp, mu, sigma): 16.001884500768153, 0.6320856312756766, 0.09491997574152132
2023-05-04 00:30:09,692 - fit_lc_dirty - INFO - selected data num:366; fitting properties (amp, mu, sigma): 16.001884500768153, 0.6320856312756766, 0.09491997574152132
2023-05-04 00:30:09,692 - fit_lc_dirty - INFO - selected data num:366; fitting properties (amp, mu, sigma): 16.001884500768153, 0.6320856312756766, 0.09491997574152132
2023-05-04 00:30:09,699 - fit_lc_dirty - INFO - selected data num:366; fitting properties (amp, mu, sigma): 16.001884500768153, 0.6320856312756766, 0.09491997574152132
2023-05-04 00:30:09,699 - fit_lc_dirty - INFO - selected data num:366; fitting properties (amp, mu, sigma): 16.001884500768153, 0.6320856312756766, 0.09491997574152132
2023-05-04 00:30:09,699 - fit_lc_dirty - INFO - selected data num:366; fitting properties (amp, mu, sigma): 16.001884500768153, 0.6320856312756766, 0.09491997574152132
2023-05-04 00:30:09,699 - fit_lc_dirty - INFO - selected data num:366; fitting properties (amp, mu, sigma): 16.001884500768153, 0.6320856312756766, 0.09491997574152132
2023-05-04 00:30:09,708 - fit_lc_dirty - INFO - selected data num:366; fitting properties (amp, mu, sigma): 16.001884500768153, 0.6320856312756766, 0.09491997574152132
2023-05-04 00:30:09,708 - fit_lc_dirty - INFO - selected data num:366; fitting properties (amp, mu, sigma): 16.001884500768153, 0.6320856312756766, 0.09491997574152132
2023-05-04 00:30:09,708 - fit_lc_dirty - INFO - selected data num:366; fitting properties (amp, mu, sigma): 16.001884500768153, 0.6320856312756766, 0.09491997574152132
2023-05-04 00:30:09,708 - fit_lc_dirty - INFO - selected data num:366; fitting properties (amp, mu, sigma): 16.001884500768153, 0.6320856312756766, 0.09491997574152132
2023-05-04 00:30:09,719 - fit_lc_dirty - INFO - selected data num:366; fitting properties (amp, mu, sigma): 16.001884500768153, 0.6320856312756766, 0.09491997574152132
2023-05-04 00:30:09,719 - fit_lc_dirty - INFO - selected data num:366; fitting properties (amp, mu, sigma): 16.001884500768153, 0.6320856312756766, 0.09491997574152132
2023-05-04 00:30:09,719 - fit_lc_dirty - INFO - selected data num:366; fitting properties (amp, mu, sigma): 16.001884500768153, 0.6320856312756766, 0.09491997574152132
2023-05-04 00:30:09,719 - fit_lc_dirty - INFO - selected data num:366; fitting properties (amp, mu, sigma): 16.001884500768153, 0.6320856312756766, 0.09491997574152132
2023-05-04 00:30:09,730 - fit_lc_dirty - INFO - selected data num:366; fitting properties (amp, mu, sigma): 16.001884500768153, 0.6320856312756766, 0.09491997574152132
2023-05-04 00:30:09,730 - fit_lc_dirty - INFO - selected data num:366; fitting properties (amp, mu, sigma): 16.001884500768153, 0.6320856312756766, 0.09491997574152132
2023-05-04 00:30:09,730 - fit_lc_dirty - INFO - selected data num:366; fitting properties (amp, mu, sigma): 16.001884500768153, 0.6320856312756766, 0.09491997574152132
2023-05-04 00:30:09,730 - fit_lc_dirty - INFO - selected data num:366; fitting properties (amp, mu, sigma): 16.001884500768153, 0.6320856312756766, 0.09491997574152132
2023-05-04 00:30:09,744 - fit_lc_dirty - INFO - selected data num:366; fitting properties (amp, mu, sigma): 16.001884500768153, 0.6320856312756766, 0.09491997574152132
2023-05-04 00:30:09,744 - fit_lc_dirty - INFO - selected data num:366; fitting properties (amp, mu, sigma): 16.001884500768153, 0.6320856312756766, 0.09491997574152132
2023-05-04 00:30:09,744 - fit_lc_dirty - INFO - selected data num:366; fitting properties (amp, mu, sigma): 16.001884500768153, 0.6320856312756766, 0.09491997574152132
2023-05-04 00:30:09,744 - fit_lc_dirty - INFO - selected data num:366; fitting properties (amp, mu, sigma): 16.001884500768153, 0.6320856312756766, 0.09491997574152132
2023-05-04 00:30:09,754 - fit_lc_dirty - INFO - selected data num:366; fitting properties (amp, mu, sigma): 16.001884500768153, 0.6320856312756766, 0.09491997574152132
2023-05-04 00:30:09,754 - fit_lc_dirty - INFO - selected data num:366; fitting properties (amp, mu, sigma): 16.001884500768153, 0.6320856312756766, 0.09491997574152132
2023-05-04 00:30:09,754 - fit_lc_dirty - INFO - selected data num:366; fitting properties (amp, mu, sigma): 16.001884500768153, 0.6320856312756766, 0.09491997574152132
2023-05-04 00:30:09,754 - fit_lc_dirty - INFO - selected data num:366; fitting properties (amp, mu, sigma): 16.001884500768153, 0.6320856312756766, 0.09491997574152132
2023-05-04 00:30:09,755 - fit_lc_dirty - INFO - selected data num:366; fitting properties (amp, mu, sigma): 16.001884500768153, 0.6320856312756766, 0.09491997574152132
2023-05-04 00:30:09,755 - fit_lc_dirty - INFO - selected data num:366; fitting properties (amp, mu, sigma): 16.001884500768153, 0.6320856312756766, 0.09491997574152132
2023-05-04 00:30:09,755 - fit_lc_dirty - INFO - selected data num:366; fitting properties (amp, mu, sigma): 16.001884500768153, 0.6320856312756766, 0.09491997574152132
2023-05-04 00:30:09,755 - fit_lc_dirty - INFO - selected data num:366; fitting properties (amp, mu, sigma): 16.001884500768153, 0.6320856312756766, 0.09491997574152132
2023-05-04 00:30:09,763 - fit_lc_dirty - INFO - selected data num:366; fitting properties (amp, mu, sigma): 16.001884500768153, 0.6320856312756766, 0.09491997574152132
2023-05-04 00:30:09,763 - fit_lc_dirty - INFO - selected data num:366; fitting properties (amp, mu, sigma): 16.001884500768153, 0.6320856312756766, 0.09491997574152132
2023-05-04 00:30:09,763 - fit_lc_dirty - INFO - selected data num:366; fitting properties (amp, mu, sigma): 16.001884500768153, 0.6320856312756766, 0.09491997574152132
2023-05-04 00:30:09,763 - fit_lc_dirty - INFO - selected data num:366; fitting properties (amp, mu, sigma): 16.001884500768153, 0.6320856312756766, 0.09491997574152132
2023-05-04 00:30:10,029 - fit_lc_dirty - INFO - filtering rate_4000-10000_EPN_hiband_clean.fits
2023-05-04 00:30:10,029 - fit_lc_dirty - INFO - filtering rate_4000-10000_EPN_hiband_clean.fits
2023-05-04 00:30:10,029 - fit_lc_dirty - INFO - filtering rate_4000-10000_EPN_hiband_clean.fits
2023-05-04 00:30:10,029 - fit_lc_dirty - INFO - filtering rate_4000-10000_EPN_hiband_clean.fits
2023-05-04 00:30:10,040 - fit_lc_dirty - INFO - selected data num:270; fitting properties (amp, mu, sigma): 3.891047130930819, 2.7326706519695962, 0.3656373556170717
2023-05-04 00:30:10,040 - fit_lc_dirty - INFO - selected data num:270; fitting properties (amp, mu, sigma): 3.891047130930819, 2.7326706519695962, 0.3656373556170717
2023-05-04 00:30:10,040 - fit_lc_dirty - INFO - selected data num:270; fitting properties (amp, mu, sigma): 3.891047130930819, 2.7326706519695962, 0.3656373556170717
2023-05-04 00:30:10,040 - fit_lc_dirty - INFO - selected data num:270; fitting properties (amp, mu, sigma): 3.891047130930819, 2.7326706519695962, 0.3656373556170717
2023-05-04 00:30:10,051 - fit_lc_dirty - INFO - selected data num:270; fitting properties (amp, mu, sigma): 3.891047130930819, 2.7326706519695962, 0.3656373556170717
2023-05-04 00:30:10,051 - fit_lc_dirty - INFO - selected data num:270; fitting properties (amp, mu, sigma): 3.891047130930819, 2.7326706519695962, 0.3656373556170717
2023-05-04 00:30:10,051 - fit_lc_dirty - INFO - selected data num:270; fitting properties (amp, mu, sigma): 3.891047130930819, 2.7326706519695962, 0.3656373556170717
2023-05-04 00:30:10,051 - fit_lc_dirty - INFO - selected data num:270; fitting properties (amp, mu, sigma): 3.891047130930819, 2.7326706519695962, 0.3656373556170717
2023-05-04 00:30:10,054 - fit_lc_dirty - INFO - selected data num:270; fitting properties (amp, mu, sigma): 3.891047130930819, 2.7326706519695962, 0.3656373556170717
2023-05-04 00:30:10,054 - fit_lc_dirty - INFO - selected data num:270; fitting properties (amp, mu, sigma): 3.891047130930819, 2.7326706519695962, 0.3656373556170717
2023-05-04 00:30:10,054 - fit_lc_dirty - INFO - selected data num:270; fitting properties (amp, mu, sigma): 3.891047130930819, 2.7326706519695962, 0.3656373556170717
2023-05-04 00:30:10,054 - fit_lc_dirty - INFO - selected data num:270; fitting properties (amp, mu, sigma): 3.891047130930819, 2.7326706519695962, 0.3656373556170717
2023-05-04 00:30:10,066 - fit_lc_dirty - INFO - selected data num:270; fitting properties (amp, mu, sigma): 3.891047130930819, 2.7326706519695962, 0.3656373556170717
2023-05-04 00:30:10,066 - fit_lc_dirty - INFO - selected data num:270; fitting properties (amp, mu, sigma): 3.891047130930819, 2.7326706519695962, 0.3656373556170717
2023-05-04 00:30:10,066 - fit_lc_dirty - INFO - selected data num:270; fitting properties (amp, mu, sigma): 3.891047130930819, 2.7326706519695962, 0.3656373556170717
2023-05-04 00:30:10,066 - fit_lc_dirty - INFO - selected data num:270; fitting properties (amp, mu, sigma): 3.891047130930819, 2.7326706519695962, 0.3656373556170717
2023-05-04 00:30:10,072 - fit_lc_dirty - INFO - selected data num:270; fitting properties (amp, mu, sigma): 3.891047130930819, 2.7326706519695962, 0.3656373556170717
2023-05-04 00:30:10,072 - fit_lc_dirty - INFO - selected data num:270; fitting properties (amp, mu, sigma): 3.891047130930819, 2.7326706519695962, 0.3656373556170717
2023-05-04 00:30:10,072 - fit_lc_dirty - INFO - selected data num:270; fitting properties (amp, mu, sigma): 3.891047130930819, 2.7326706519695962, 0.3656373556170717
2023-05-04 00:30:10,072 - fit_lc_dirty - INFO - selected data num:270; fitting properties (amp, mu, sigma): 3.891047130930819, 2.7326706519695962, 0.3656373556170717
2023-05-04 00:30:10,075 - fit_lc_dirty - INFO - selected data num:270; fitting properties (amp, mu, sigma): 3.891047130930819, 2.7326706519695962, 0.3656373556170717
2023-05-04 00:30:10,075 - fit_lc_dirty - INFO - selected data num:270; fitting properties (amp, mu, sigma): 3.891047130930819, 2.7326706519695962, 0.3656373556170717
2023-05-04 00:30:10,075 - fit_lc_dirty - INFO - selected data num:270; fitting properties (amp, mu, sigma): 3.891047130930819, 2.7326706519695962, 0.3656373556170717
2023-05-04 00:30:10,075 - fit_lc_dirty - INFO - selected data num:270; fitting properties (amp, mu, sigma): 3.891047130930819, 2.7326706519695962, 0.3656373556170717
2023-05-04 00:30:10,083 - fit_lc_dirty - INFO - selected data num:270; fitting properties (amp, mu, sigma): 3.891047130930819, 2.7326706519695962, 0.3656373556170717
2023-05-04 00:30:10,083 - fit_lc_dirty - INFO - selected data num:270; fitting properties (amp, mu, sigma): 3.891047130930819, 2.7326706519695962, 0.3656373556170717
2023-05-04 00:30:10,083 - fit_lc_dirty - INFO - selected data num:270; fitting properties (amp, mu, sigma): 3.891047130930819, 2.7326706519695962, 0.3656373556170717
2023-05-04 00:30:10,083 - fit_lc_dirty - INFO - selected data num:270; fitting properties (amp, mu, sigma): 3.891047130930819, 2.7326706519695962, 0.3656373556170717
2023-05-04 00:30:10,086 - fit_lc_dirty - INFO - selected data num:270; fitting properties (amp, mu, sigma): 3.891047130930819, 2.7326706519695962, 0.3656373556170717
2023-05-04 00:30:10,086 - fit_lc_dirty - INFO - selected data num:270; fitting properties (amp, mu, sigma): 3.891047130930819, 2.7326706519695962, 0.3656373556170717
2023-05-04 00:30:10,086 - fit_lc_dirty - INFO - selected data num:270; fitting properties (amp, mu, sigma): 3.891047130930819, 2.7326706519695962, 0.3656373556170717
2023-05-04 00:30:10,086 - fit_lc_dirty - INFO - selected data num:270; fitting properties (amp, mu, sigma): 3.891047130930819, 2.7326706519695962, 0.3656373556170717
2023-05-04 00:30:10,091 - fit_lc_dirty - INFO - selected data num:270; fitting properties (amp, mu, sigma): 3.891047130930819, 2.7326706519695962, 0.3656373556170717
2023-05-04 00:30:10,091 - fit_lc_dirty - INFO - selected data num:270; fitting properties (amp, mu, sigma): 3.891047130930819, 2.7326706519695962, 0.3656373556170717
2023-05-04 00:30:10,091 - fit_lc_dirty - INFO - selected data num:270; fitting properties (amp, mu, sigma): 3.891047130930819, 2.7326706519695962, 0.3656373556170717
2023-05-04 00:30:10,091 - fit_lc_dirty - INFO - selected data num:270; fitting properties (amp, mu, sigma): 3.891047130930819, 2.7326706519695962, 0.3656373556170717
2023-05-04 00:30:10,094 - fit_lc_dirty - INFO - selected data num:270; fitting properties (amp, mu, sigma): 3.891047130930819, 2.7326706519695962, 0.3656373556170717
2023-05-04 00:30:10,094 - fit_lc_dirty - INFO - selected data num:270; fitting properties (amp, mu, sigma): 3.891047130930819, 2.7326706519695962, 0.3656373556170717
2023-05-04 00:30:10,094 - fit_lc_dirty - INFO - selected data num:270; fitting properties (amp, mu, sigma): 3.891047130930819, 2.7326706519695962, 0.3656373556170717
2023-05-04 00:30:10,094 - fit_lc_dirty - INFO - selected data num:270; fitting properties (amp, mu, sigma): 3.891047130930819, 2.7326706519695962, 0.3656373556170717
2023-05-04 00:30:10,329 - fit_lc_dirty - INFO - filtering rate_4000-10000_Oot_hiband_clean.fits
2023-05-04 00:30:10,329 - fit_lc_dirty - INFO - filtering rate_4000-10000_Oot_hiband_clean.fits
2023-05-04 00:30:10,329 - fit_lc_dirty - INFO - filtering rate_4000-10000_Oot_hiband_clean.fits
2023-05-04 00:30:10,329 - fit_lc_dirty - INFO - filtering rate_4000-10000_Oot_hiband_clean.fits
2023-05-04 00:30:10,339 - fit_lc_dirty - INFO - selected data num:274; fitting properties (amp, mu, sigma): 3.857898413477002, 2.738613142045566, 0.3745662639605422
2023-05-04 00:30:10,339 - fit_lc_dirty - INFO - selected data num:274; fitting properties (amp, mu, sigma): 3.857898413477002, 2.738613142045566, 0.3745662639605422
2023-05-04 00:30:10,339 - fit_lc_dirty - INFO - selected data num:274; fitting properties (amp, mu, sigma): 3.857898413477002, 2.738613142045566, 0.3745662639605422
2023-05-04 00:30:10,339 - fit_lc_dirty - INFO - selected data num:274; fitting properties (amp, mu, sigma): 3.857898413477002, 2.738613142045566, 0.3745662639605422
2023-05-04 00:30:10,350 - fit_lc_dirty - INFO - selected data num:274; fitting properties (amp, mu, sigma): 3.857898413477002, 2.738613142045566, 0.3745662639605422
2023-05-04 00:30:10,350 - fit_lc_dirty - INFO - selected data num:274; fitting properties (amp, mu, sigma): 3.857898413477002, 2.738613142045566, 0.3745662639605422
2023-05-04 00:30:10,350 - fit_lc_dirty - INFO - selected data num:274; fitting properties (amp, mu, sigma): 3.857898413477002, 2.738613142045566, 0.3745662639605422
2023-05-04 00:30:10,350 - fit_lc_dirty - INFO - selected data num:274; fitting properties (amp, mu, sigma): 3.857898413477002, 2.738613142045566, 0.3745662639605422
2023-05-04 00:30:10,352 - fit_lc_dirty - INFO - selected data num:274; fitting properties (amp, mu, sigma): 3.857898413477002, 2.738613142045566, 0.3745662639605422
2023-05-04 00:30:10,352 - fit_lc_dirty - INFO - selected data num:274; fitting properties (amp, mu, sigma): 3.857898413477002, 2.738613142045566, 0.3745662639605422
2023-05-04 00:30:10,352 - fit_lc_dirty - INFO - selected data num:274; fitting properties (amp, mu, sigma): 3.857898413477002, 2.738613142045566, 0.3745662639605422
2023-05-04 00:30:10,352 - fit_lc_dirty - INFO - selected data num:274; fitting properties (amp, mu, sigma): 3.857898413477002, 2.738613142045566, 0.3745662639605422
2023-05-04 00:30:10,361 - fit_lc_dirty - INFO - selected data num:274; fitting properties (amp, mu, sigma): 3.857898413477002, 2.738613142045566, 0.3745662639605422
2023-05-04 00:30:10,361 - fit_lc_dirty - INFO - selected data num:274; fitting properties (amp, mu, sigma): 3.857898413477002, 2.738613142045566, 0.3745662639605422
2023-05-04 00:30:10,361 - fit_lc_dirty - INFO - selected data num:274; fitting properties (amp, mu, sigma): 3.857898413477002, 2.738613142045566, 0.3745662639605422
2023-05-04 00:30:10,361 - fit_lc_dirty - INFO - selected data num:274; fitting properties (amp, mu, sigma): 3.857898413477002, 2.738613142045566, 0.3745662639605422
2023-05-04 00:30:10,364 - fit_lc_dirty - INFO - selected data num:274; fitting properties (amp, mu, sigma): 3.857898413477002, 2.738613142045566, 0.3745662639605422
2023-05-04 00:30:10,364 - fit_lc_dirty - INFO - selected data num:274; fitting properties (amp, mu, sigma): 3.857898413477002, 2.738613142045566, 0.3745662639605422
2023-05-04 00:30:10,364 - fit_lc_dirty - INFO - selected data num:274; fitting properties (amp, mu, sigma): 3.857898413477002, 2.738613142045566, 0.3745662639605422
2023-05-04 00:30:10,364 - fit_lc_dirty - INFO - selected data num:274; fitting properties (amp, mu, sigma): 3.857898413477002, 2.738613142045566, 0.3745662639605422
2023-05-04 00:30:10,375 - fit_lc_dirty - INFO - selected data num:274; fitting properties (amp, mu, sigma): 3.857898413477002, 2.738613142045566, 0.3745662639605422
2023-05-04 00:30:10,375 - fit_lc_dirty - INFO - selected data num:274; fitting properties (amp, mu, sigma): 3.857898413477002, 2.738613142045566, 0.3745662639605422
2023-05-04 00:30:10,375 - fit_lc_dirty - INFO - selected data num:274; fitting properties (amp, mu, sigma): 3.857898413477002, 2.738613142045566, 0.3745662639605422
2023-05-04 00:30:10,375 - fit_lc_dirty - INFO - selected data num:274; fitting properties (amp, mu, sigma): 3.857898413477002, 2.738613142045566, 0.3745662639605422
2023-05-04 00:30:10,381 - fit_lc_dirty - INFO - selected data num:274; fitting properties (amp, mu, sigma): 3.857898413477002, 2.738613142045566, 0.3745662639605422
2023-05-04 00:30:10,381 - fit_lc_dirty - INFO - selected data num:274; fitting properties (amp, mu, sigma): 3.857898413477002, 2.738613142045566, 0.3745662639605422
2023-05-04 00:30:10,381 - fit_lc_dirty - INFO - selected data num:274; fitting properties (amp, mu, sigma): 3.857898413477002, 2.738613142045566, 0.3745662639605422
2023-05-04 00:30:10,381 - fit_lc_dirty - INFO - selected data num:274; fitting properties (amp, mu, sigma): 3.857898413477002, 2.738613142045566, 0.3745662639605422
2023-05-04 00:30:10,386 - fit_lc_dirty - INFO - selected data num:274; fitting properties (amp, mu, sigma): 3.857898413477002, 2.738613142045566, 0.3745662639605422
2023-05-04 00:30:10,386 - fit_lc_dirty - INFO - selected data num:274; fitting properties (amp, mu, sigma): 3.857898413477002, 2.738613142045566, 0.3745662639605422
2023-05-04 00:30:10,386 - fit_lc_dirty - INFO - selected data num:274; fitting properties (amp, mu, sigma): 3.857898413477002, 2.738613142045566, 0.3745662639605422
2023-05-04 00:30:10,386 - fit_lc_dirty - INFO - selected data num:274; fitting properties (amp, mu, sigma): 3.857898413477002, 2.738613142045566, 0.3745662639605422
2023-05-04 00:30:10,396 - fit_lc_dirty - INFO - selected data num:274; fitting properties (amp, mu, sigma): 3.857898413477002, 2.738613142045566, 0.3745662639605422
2023-05-04 00:30:10,396 - fit_lc_dirty - INFO - selected data num:274; fitting properties (amp, mu, sigma): 3.857898413477002, 2.738613142045566, 0.3745662639605422
2023-05-04 00:30:10,396 - fit_lc_dirty - INFO - selected data num:274; fitting properties (amp, mu, sigma): 3.857898413477002, 2.738613142045566, 0.3745662639605422
2023-05-04 00:30:10,396 - fit_lc_dirty - INFO - selected data num:274; fitting properties (amp, mu, sigma): 3.857898413477002, 2.738613142045566, 0.3745662639605422
2023-05-04 00:30:10,406 - fit_lc_dirty - INFO - selected data num:274; fitting properties (amp, mu, sigma): 3.857898413477002, 2.738613142045566, 0.3745662639605422
2023-05-04 00:30:10,406 - fit_lc_dirty - INFO - selected data num:274; fitting properties (amp, mu, sigma): 3.857898413477002, 2.738613142045566, 0.3745662639605422
2023-05-04 00:30:10,406 - fit_lc_dirty - INFO - selected data num:274; fitting properties (amp, mu, sigma): 3.857898413477002, 2.738613142045566, 0.3745662639605422
2023-05-04 00:30:10,406 - fit_lc_dirty - INFO - selected data num:274; fitting properties (amp, mu, sigma): 3.857898413477002, 2.738613142045566, 0.3745662639605422
